Jul 08, 2022 2:53:53 PM com.google.cloud.datastore.emulator.firestore.websocket.WebSocketServer start
INFO: Started WebSocket server on ws://localhost:62802
API endpoint: http://localhost:8080
If you are using a library that supports the FIRESTORE_EMULATOR_HOST environment variable, run:

   export FIRESTORE_EMULATOR_HOST=localhost:8080

Dev App Server is now running.

Jul 08, 2022 2:58:30 PM io.gapi.emulators.netty.HttpVersionRoutingHandler channelRead
INFO: Detected non-HTTP/2 connection.
Jul 08, 2022 2:58:30 PM com.google.cloud.datastore.emulator.firestore.websocket.WebSocketChannelHandler initChannel
INFO: Connected to new websocket client
Jul 08, 2022 2:58:34 PM io.gapi.emulators.netty.HttpVersionRoutingHandler channelRead
INFO: Detected non-HTTP/2 connection.
Jul 08, 2022 2:58:36 PM io.gapi.emulators.netty.HttpVersionRoutingHandler channelRead
INFO: Detected non-HTTP/2 connection.
Jul 08, 2022 2:58:38 PM io.gapi.emulators.netty.HttpVersionRoutingHandler channelRead
INFO: Detected non-HTTP/2 connection.
Jul 08, 2022 2:58:40 PM io.gapi.emulators.netty.HttpVersionRoutingHandler channelRead
INFO: Detected non-HTTP/2 connection.
Jul 08, 2022 2:59:16 PM io.gapi.emulators.netty.HttpVersionRoutingHandler channelRead
INFO: Detected non-HTTP/2 connection.
Jul 08, 2022 2:59:18 PM io.gapi.emulators.netty.HttpVersionRoutingHandler channelRead
INFO: Detected non-HTTP/2 connection.
Jul 08, 2022 2:59:20 PM io.gapi.emulators.netty.HttpVersionRoutingHandler channelRead
INFO: Detected non-HTTP/2 connection.
Jul 08, 2022 2:59:22 PM io.gapi.emulators.netty.HttpVersionRoutingHandler channelRead
INFO: Detected non-HTTP/2 connection.
Jul 08, 2022 2:59:24 PM io.gapi.emulators.netty.HttpVersionRoutingHandler channelRead
INFO: Detected non-HTTP/2 connection.
Jul 08, 2022 2:59:26 PM io.gapi.emulators.netty.HttpVersionRoutingHandler channelRead
INFO: Detected non-HTTP/2 connection.
Jul 08, 2022 2:59:31 PM io.gapi.emulators.netty.HttpVersionRoutingHandler channelRead
INFO: Detected non-HTTP/2 connection.
Jul 08, 2022 2:59:34 PM io.gapi.emulators.netty.HttpVersionRoutingHandler channelRead
INFO: Detected non-HTTP/2 connection.
Jul 08, 2022 2:59:36 PM io.gapi.emulators.netty.HttpVersionRoutingHandler channelRead
INFO: Detected non-HTTP/2 connection.
Jul 08, 2022 3:04:24 PM io.gapi.emulators.netty.HttpVersionRoutingHandler channelRead
INFO: Detected non-HTTP/2 connection.
Jul 08, 2022 3:04:24 PM io.gapi.emulators.netty.NotFoundHandler handleRequest
INFO: Unknown request URI: /auth/callback?code=AQA-tY5FtT5wmgxmpmTTXX8lPkkuj9gpCmgWNHmyXiErdZRGfCOEz_LWevQTgwtb-ZwxabXAQ-Im1aOuyEdZdZof7lv4OQD8EPtpuI7f7iSx3YUKEh-5maT5AB_eEc25pVx2xbinfwrAz2YNAhUNUsXykXhfJ0ZVtyX6QkV7298p8Gvi949cXcrrMHzOBrle-w9P4WWA7IsYHTS3K0s7xfAhSMsSEu8_ygc3EpUySIxA4WDzu1RCqCxSxyonOV-nO-Q33Yt1HLS168G13M94A7rBzERVgaQg4uhFGvkzxXSthTmz6WPQWoJRDqg6u2CEOer3o9gX2aW4Kl_1v9iU8pWDv8Gb9aYIlqN9y4jrz2kseHLgDHbNdsdpdWWRq3hNbPR-SF5Oa5ujTTiPyoogmMhJWlH1VGUI_YerDIJiGmljc6nqq9DLBo0zg7AarLRJrD0gG15QoRm06kpFitKLj4FpNlFcsAz8GucUntpsYu3FJx4D7jFeRbCJP_JxV0I8ZXB-Gz8L1ELj8tonuobFpPwP3Z3b20gVYACSTXmEBQlH_M79WtbX2UExkG6EZG4JiIbMxw9e5ZQgSv5N7XgKBOXQek4D2tOLzFWQn1OldXUkh9hUqF4gwEk0nnstjD_vgEVjMrpdw66rjaOrCs0qqw&state=vlXH0kH32VNPUPad
*** shutting down gRPC server since JVM is shutting down
*** server shut down
