[debug] [2022-07-15T15:33:02.638Z] ----------------------------------------------------------------------
[debug] [2022-07-15T15:33:02.639Z] Command:       /Users/hirdman/.nvm/versions/node/v14.19.0/bin/node /Users/hirdman/.nvm/versions/node/v14.19.0/bin/firebase emulators:start
[debug] [2022-07-15T15:33:02.639Z] CLI Version:   11.2.1
[debug] [2022-07-15T15:33:02.639Z] Platform:      darwin
[debug] [2022-07-15T15:33:02.639Z] Node Version:  v14.19.0
[debug] [2022-07-15T15:33:02.640Z] Time:          Fri Jul 15 2022 17:33:02 GMT+0200 (Central European Summer Time)
[debug] [2022-07-15T15:33:02.640Z] ----------------------------------------------------------------------
[debug] 
[debug] [2022-07-15T15:33:02.694Z] > command requires scopes: ["email","openid","https://www.googleapis.com/auth/cloudplatformprojects.readonly","https://www.googleapis.com/auth/firebase","https://www.googleapis.com/auth/cloud-platform"]
[debug] [2022-07-15T15:33:02.694Z] > authorizing via signed-in user (hirdman.alex@gmail.com)
[debug] [2022-07-15T15:33:02.827Z] openjdk version "11.0.13" 2021-10-19

[debug] [2022-07-15T15:33:02.828Z] OpenJDK Runtime Environment Temurin-11.0.13+8 (build 11.0.13+8)
OpenJDK 64-Bit Server VM Temurin-11.0.13+8 (build 11.0.13+8, mixed mode)

[debug] [2022-07-15T15:33:02.833Z] Parsed Java major version: 11
[info] i  emulators: Starting emulators: auth, functions, firestore, hosting {"metadata":{"emulator":{"name":"hub"},"message":"Starting emulators: auth, functions, firestore, hosting"}}
[debug] [2022-07-15T15:33:02.846Z] [hub] writing locator at /var/folders/f3/hygj52y97_ndgw71tj1dwp7w0000gn/T/hub-moodify-92f8f.json
[warn] ⚠  functions: The following emulators are not running, calls to these services from the Functions emulator will affect production: database, pubsub, storage {"metadata":{"emulator":{"name":"functions"},"message":"The following emulators are not running, calls to these services from the Functions emulator will affect production: \u001b[1mdatabase, pubsub, storage\u001b[22m"}}
[info] ✔  functions: Using node@14 from host. {"metadata":{"emulator":{"name":"functions"},"message":"Using node@14 from host."}}
[debug] [2022-07-15T15:33:02.868Z] defaultcredentials: writing to file /Users/hirdman/.config/firebase/hirdman_alex_gmail.com_application_default_credentials.json
[debug] [2022-07-15T15:33:02.869Z] Setting GAC to /Users/hirdman/.config/firebase/hirdman_alex_gmail.com_application_default_credentials.json {"metadata":{"emulator":{"name":"functions"},"message":"Setting GAC to /Users/hirdman/.config/firebase/hirdman_alex_gmail.com_application_default_credentials.json"}}
[debug] [2022-07-15T15:33:02.872Z] > refreshing access token with scopes: []
[debug] [2022-07-15T15:33:02.873Z] >>> [apiv2][query] POST https://www.googleapis.com/oauth2/v3/token [none]
[debug] [2022-07-15T15:33:02.873Z] >>> [apiv2][body] POST https://www.googleapis.com/oauth2/v3/token [omitted]
[debug] [2022-07-15T15:33:03.024Z] <<< [apiv2][status] POST https://www.googleapis.com/oauth2/v3/token 200
[debug] [2022-07-15T15:33:03.025Z] <<< [apiv2][body] POST https://www.googleapis.com/oauth2/v3/token [omitted]
[debug] [2022-07-15T15:33:03.066Z] >>> [apiv2][query] GET https://firebase.googleapis.com/v1beta1/projects/moodify-92f8f/adminSdkConfig [none]
[debug] [2022-07-15T15:33:03.393Z] <<< [apiv2][status] GET https://firebase.googleapis.com/v1beta1/projects/moodify-92f8f/adminSdkConfig 200
[debug] [2022-07-15T15:33:03.394Z] <<< [apiv2][body] GET https://firebase.googleapis.com/v1beta1/projects/moodify-92f8f/adminSdkConfig {"projectId":"moodify-92f8f","storageBucket":"moodify-92f8f.appspot.com","locationId":"europe-west"}
[debug] [2022-07-15T15:33:03.421Z] Ignoring unsupported arg: projectId {"metadata":{"emulator":{"name":"firestore"},"message":"Ignoring unsupported arg: projectId"}}
[debug] [2022-07-15T15:33:03.421Z] Ignoring unsupported arg: auto_download {"metadata":{"emulator":{"name":"firestore"},"message":"Ignoring unsupported arg: auto_download"}}
[debug] [2022-07-15T15:33:03.421Z] Starting Firestore Emulator with command {"binary":"java","args":["-Dgoogle.cloud_firestore.debug_log_level=FINE","-Duser.language=en","-jar","/Users/hirdman/.cache/firebase/emulators/cloud-firestore-emulator-v1.14.4.jar","--host","localhost","--port",8080,"--rules","/Users/hirdman/Projects/tagify/firestore.rules","--functions_emulator","localhost:5001"],"optionalArgs":["port","webchannel_port","host","rules","functions_emulator","seed_from_export"],"joinArgs":false} {"metadata":{"emulator":{"name":"firestore"},"message":"Starting Firestore Emulator with command {\"binary\":\"java\",\"args\":[\"-Dgoogle.cloud_firestore.debug_log_level=FINE\",\"-Duser.language=en\",\"-jar\",\"/Users/hirdman/.cache/firebase/emulators/cloud-firestore-emulator-v1.14.4.jar\",\"--host\",\"localhost\",\"--port\",8080,\"--rules\",\"/Users/hirdman/Projects/tagify/firestore.rules\",\"--functions_emulator\",\"localhost:5001\"],\"optionalArgs\":[\"port\",\"webchannel_port\",\"host\",\"rules\",\"functions_emulator\",\"seed_from_export\"],\"joinArgs\":false}"}}
[info] i  firestore: Firestore Emulator logging to firestore-debug.log {"metadata":{"emulator":{"name":"firestore"},"message":"Firestore Emulator logging to \u001b[1mfirestore-debug.log\u001b[22m"}}
[debug] [2022-07-15T15:33:05.034Z] Jul 15, 2022 5:33:04 PM com.google.cloud.datastore.emulator.firestore.websocket.WebSocketServer start
INFO: Started WebSocket server on ws://localhost:61609
 {"metadata":{"emulator":{"name":"firestore"},"message":"Jul 15, 2022 5:33:04 PM com.google.cloud.datastore.emulator.firestore.websocket.WebSocketServer start\nINFO: Started WebSocket server on ws://localhost:61609\n"}}
[debug] [2022-07-15T15:33:05.053Z] API endpoint: http://localhost:8080
 {"metadata":{"emulator":{"name":"firestore"},"message":"API endpoint: http://localhost:8080\n"}}
[debug] [2022-07-15T15:33:05.053Z] If you are using a library that supports the FIRESTORE_EMULATOR_HOST environment variable, run:

   export FIRESTORE_EMULATOR_HOST=localhost:8080

Dev App Server is now running.

 {"metadata":{"emulator":{"name":"firestore"},"message":"If you are using a library that supports the FIRESTORE_EMULATOR_HOST environment variable, run:\n\n   export FIRESTORE_EMULATOR_HOST=localhost:8080\n\nDev App Server is now running.\n\n"}}
[debug] [2022-07-15T15:33:10.306Z] >>> [apiv2][query] GET https://firebasehosting.googleapis.com/v1beta1/projects/moodify-92f8f/sites 
[debug] [2022-07-15T15:33:11.923Z] <<< [apiv2][status] GET https://firebasehosting.googleapis.com/v1beta1/projects/moodify-92f8f/sites 200
[debug] [2022-07-15T15:33:11.923Z] <<< [apiv2][body] GET https://firebasehosting.googleapis.com/v1beta1/projects/moodify-92f8f/sites {"sites":[{"name":"projects/moodify-92f8f/sites/moodify-92f8f","defaultUrl":"https://moodify-92f8f.web.app","type":"DEFAULT_SITE"}]}
[debug] [2022-07-15T15:33:11.924Z] >>> [apiv2][query] GET https://firebase.googleapis.com/v1beta1/projects/moodify-92f8f/webApps/-/config [none]
[debug] [2022-07-15T15:33:12.780Z] <<< [apiv2][status] GET https://firebase.googleapis.com/v1beta1/projects/moodify-92f8f/webApps/-/config 200
[debug] [2022-07-15T15:33:12.781Z] <<< [apiv2][body] GET https://firebase.googleapis.com/v1beta1/projects/moodify-92f8f/webApps/-/config {"projectId":"moodify-92f8f","appId":"1:940861327514:web:19e178deb96e7644a23723","storageBucket":"moodify-92f8f.appspot.com","locationId":"europe-west","apiKey":"AIzaSyA_15mc0jLh5i8c5AWX237B0LYOmekMycU","authDomain":"moodify-92f8f.firebaseapp.com","messagingSenderId":"940861327514","measurementId":"G-24CJWGP9J5"}
[info] i  hosting: Serving hosting files from: build {"metadata":{"emulator":{"name":"hosting"},"message":"Serving hosting files from: \u001b[1mbuild\u001b[22m"}}
[info] ✔  hosting: Local server: http://localhost:3000 {"metadata":{"emulator":{"name":"hosting"},"message":"Local server: \u001b[4m\u001b[1mhttp://localhost:3000\u001b[22m\u001b[24m"}}
[debug] [2022-07-15T15:33:12.911Z] Ignoring unsupported arg: auto_download {"metadata":{"emulator":{"name":"ui"},"message":"Ignoring unsupported arg: auto_download"}}
[debug] [2022-07-15T15:33:12.912Z] Ignoring unsupported arg: port {"metadata":{"emulator":{"name":"ui"},"message":"Ignoring unsupported arg: port"}}
[debug] [2022-07-15T15:33:12.912Z] Starting Emulator UI with command {"binary":"node","args":["--dns-result-order=ipv4first","/Users/hirdman/.cache/firebase/emulators/ui-v1.7.0/server.bundle.js"],"optionalArgs":[],"joinArgs":false} {"metadata":{"emulator":{"name":"ui"},"message":"Starting Emulator UI with command {\"binary\":\"node\",\"args\":[\"--dns-result-order=ipv4first\",\"/Users/hirdman/.cache/firebase/emulators/ui-v1.7.0/server.bundle.js\"],\"optionalArgs\":[],\"joinArgs\":false}"}}
[info] i  ui: Emulator UI logging to ui-debug.log {"metadata":{"emulator":{"name":"ui"},"message":"Emulator UI logging to \u001b[1mui-debug.log\u001b[22m"}}
[debug] [2022-07-15T15:33:13.008Z] Web / API server started at localhost:4000
 {"metadata":{"emulator":{"name":"ui"},"message":"Web / API server started at localhost:4000\n"}}
[info] i  functions: Watching "/Users/hirdman/Projects/tagify/functions" for Cloud Functions... {"metadata":{"emulator":{"name":"functions"},"message":"Watching \"/Users/hirdman/Projects/tagify/functions\" for Cloud Functions..."}}
[debug] [2022-07-15T15:33:13.187Z] Validating nodejs source
[debug] [2022-07-15T15:33:14.210Z] > [functions] package.json contents: {
  "name": "functions",
  "scripts": {
    "lint": "eslint --ext .js,.ts .",
    "build": "tsc",
    "build:watch": "tsc --watch",
    "serve": "npm run build && firebase emulators:start --only functions",
    "shell": "npm run build && firebase functions:shell",
    "start": "npm run shell",
    "deploy": "firebase deploy --only functions",
    "logs": "firebase functions:log"
  },
  "engines": {
    "node": "14"
  },
  "main": "lib/index.js",
  "dependencies": {
    "axios": "^0.27.2",
    "cookie-parser": "^1.4.6",
    "dotenv": "^16.0.1",
    "firebase-admin": "^10.0.2",
    "firebase-functions": "^3.18.0"
  },
  "devDependencies": {
    "@types/cookie-parser": "^1.4.3",
    "@typescript-eslint/eslint-plugin": "^5.12.0",
    "@typescript-eslint/parser": "^5.12.0",
    "eslint": "^8.9.0",
    "eslint-config-google": "^0.14.0",
    "eslint-plugin-import": "^2.25.4",
    "firebase-functions-test": "^0.2.0",
    "typescript": "^4.5.4"
  },
  "private": true
}
[debug] [2022-07-15T15:33:14.210Z] Building nodejs source
[debug] [2022-07-15T15:33:14.210Z] Analyzing nodejs backend spec
[debug] [2022-07-15T15:33:14.212Z] Could not find functions.yaml. Must use http discovery
[debug] [2022-07-15T15:33:14.334Z] Serving at port 9005

[debug] [2022-07-15T15:33:14.388Z] Got response from /__/functions.yaml {"endpoints":{"api":{"platform":"gcfv1","httpsTrigger":{},"entryPoint":"api"}},"specVersion":"v1alpha1","requiredAPIs":[]}
[debug] [2022-07-15T15:33:14.393Z] shutdown requested via /__/quitquitquit

[info] ✔  functions[us-central1-api]: http function initialized (http://localhost:5001/moodify-92f8f/us-central1/api). {"metadata":{"emulator":{"name":"functions"},"message":"\u001b[1mhttp\u001b[22m function initialized (http://localhost:5001/moodify-92f8f/us-central1/api)."}}
[info] 
┌─────────────────────────────────────────────────────────────┐
│ ✔  All emulators ready! It is now safe to connect your app. │
│ i  View Emulator UI at http://localhost:4000                │
└─────────────────────────────────────────────────────────────┘

┌────────────────┬────────────────┬─────────────────────────────────┐
│ Emulator       │ Host:Port      │ View in Emulator UI             │
├────────────────┼────────────────┼─────────────────────────────────┤
│ Authentication │ localhost:9099 │ http://localhost:4000/auth      │
├────────────────┼────────────────┼─────────────────────────────────┤
│ Functions      │ localhost:5001 │ http://localhost:4000/functions │
├────────────────┼────────────────┼─────────────────────────────────┤
│ Firestore      │ localhost:8080 │ http://localhost:4000/firestore │
├────────────────┼────────────────┼─────────────────────────────────┤
│ Hosting        │ localhost:3000 │ n/a                             │
└────────────────┴────────────────┴─────────────────────────────────┘
  Emulator Hub running at localhost:4400
  Other reserved ports: 4500

Issues? Report them at https://github.com/firebase/firebase-tools/issues and attach the *-debug.log files.
 
[info] i  hosting: 127.0.0.1 - - [15/Jul/2022:15:33:28 +0000] "GET / HTTP/1.1" 200 432 "http://localhost:3000/" "Mozilla/5.0 (iPhone; CPU iPhone OS 13_2_3 like Mac OS X) AppleWebKit/605.1.15 (KHTML, like Gecko) Version/13.0.3 Mobile/15E148 Safari/604.1" {"metadata":{"emulator":{"name":"hosting"},"message":"127.0.0.1 - - [15/Jul/2022:15:33:28 +0000] \"GET / HTTP/1.1\" 200 432 \"http://localhost:3000/\" \"Mozilla/5.0 (iPhone; CPU iPhone OS 13_2_3 like Mac OS X) AppleWebKit/605.1.15 (KHTML, like Gecko) Version/13.0.3 Mobile/15E148 Safari/604.1\""}}
[info] i  hosting: 127.0.0.1 - - [15/Jul/2022:15:33:28 +0000] "GET /static/css/main.c24f3270.css HTTP/1.1" 200 14640 "http://localhost:3000/" "Mozilla/5.0 (iPhone; CPU iPhone OS 13_2_3 like Mac OS X) AppleWebKit/605.1.15 (KHTML, like Gecko) Version/13.0.3 Mobile/15E148 Safari/604.1" {"metadata":{"emulator":{"name":"hosting"},"message":"127.0.0.1 - - [15/Jul/2022:15:33:28 +0000] \"GET /static/css/main.c24f3270.css HTTP/1.1\" 200 14640 \"http://localhost:3000/\" \"Mozilla/5.0 (iPhone; CPU iPhone OS 13_2_3 like Mac OS X) AppleWebKit/605.1.15 (KHTML, like Gecko) Version/13.0.3 Mobile/15E148 Safari/604.1\""}}
[info] i  hosting: 127.0.0.1 - - [15/Jul/2022:15:33:28 +0000] "GET /static/js/main.0115bbf2.js HTTP/1.1" 200 563153 "http://localhost:3000/" "Mozilla/5.0 (iPhone; CPU iPhone OS 13_2_3 like Mac OS X) AppleWebKit/605.1.15 (KHTML, like Gecko) Version/13.0.3 Mobile/15E148 Safari/604.1" {"metadata":{"emulator":{"name":"hosting"},"message":"127.0.0.1 - - [15/Jul/2022:15:33:28 +0000] \"GET /static/js/main.0115bbf2.js HTTP/1.1\" 200 563153 \"http://localhost:3000/\" \"Mozilla/5.0 (iPhone; CPU iPhone OS 13_2_3 like Mac OS X) AppleWebKit/605.1.15 (KHTML, like Gecko) Version/13.0.3 Mobile/15E148 Safari/604.1\""}}
[info] i  hosting: 127.0.0.1 - - [15/Jul/2022:15:33:28 +0000] "GET /static/css/main.c24f3270.css.map HTTP/1.1" 200 23382 "-" "Mozilla/5.0 (Macintosh; Intel Mac OS X 10_15_7) AppleWebKit/537.36 (KHTML, like Gecko) Chrome/103.0.0.0 Safari/537.36" {"metadata":{"emulator":{"name":"hosting"},"message":"127.0.0.1 - - [15/Jul/2022:15:33:28 +0000] \"GET /static/css/main.c24f3270.css.map HTTP/1.1\" 200 23382 \"-\" \"Mozilla/5.0 (Macintosh; Intel Mac OS X 10_15_7) AppleWebKit/537.36 (KHTML, like Gecko) Chrome/103.0.0.0 Safari/537.36\""}}
[info] i  hosting: 127.0.0.1 - - [15/Jul/2022:15:33:28 +0000] "GET /static/media/Lato-Regular.9d883d540ee2b4de8024.ttf HTTP/1.1" 200 75152 "http://localhost:3000/static/css/main.c24f3270.css" "Mozilla/5.0 (iPhone; CPU iPhone OS 13_2_3 like Mac OS X) AppleWebKit/605.1.15 (KHTML, like Gecko) Version/13.0.3 Mobile/15E148 Safari/604.1" {"metadata":{"emulator":{"name":"hosting"},"message":"127.0.0.1 - - [15/Jul/2022:15:33:28 +0000] \"GET /static/media/Lato-Regular.9d883d540ee2b4de8024.ttf HTTP/1.1\" 200 75152 \"http://localhost:3000/static/css/main.c24f3270.css\" \"Mozilla/5.0 (iPhone; CPU iPhone OS 13_2_3 like Mac OS X) AppleWebKit/605.1.15 (KHTML, like Gecko) Version/13.0.3 Mobile/15E148 Safari/604.1\""}}
[debug] [2022-07-15T15:33:28.867Z] [work-queue] {"queueLength":1,"workRunningCount":0}
[debug] [2022-07-15T15:33:28.867Z] [work-queue] {"queueLength":0,"workRunningCount":1}
[debug] [2022-07-15T15:33:28.868Z] Accepted request GET /moodify-92f8f/us-central1/api/auth/token --> us-central1-api
[info] i  functions: Loaded environment variables from .env. 
[debug] [2022-07-15T15:33:28.888Z] [worker-pool] addWorker(us-central1-api) {"metadata":{"emulator":{"name":"functions"},"message":"[worker-pool] addWorker(us-central1-api)"}}
[debug] [2022-07-15T15:33:28.888Z] [worker-pool] Adding worker with key us-central1-api, total=1 {"metadata":{"emulator":{"name":"functions"},"message":"[worker-pool] Adding worker with key us-central1-api, total=1"}}
[debug] [2022-07-15T15:33:28.888Z] [worker-pool] submitWork(triggerId=us-central1-api) {"metadata":{"emulator":{"name":"functions"},"message":"[worker-pool] submitWork(triggerId=us-central1-api)"}}
[debug] [2022-07-15T15:33:28.889Z] [worker-us-central1-api-84adacec-1959-42aa-96dc-60ce8daa9560]: BUSY {"metadata":{"emulator":{"name":"functions"},"message":"[worker-us-central1-api-84adacec-1959-42aa-96dc-60ce8daa9560]: BUSY"}}
[info] i  hosting: 127.0.0.1 - - [15/Jul/2022:15:33:29 +0000] "GET /static/js/main.0115bbf2.js.map HTTP/1.1" 200 3246733 "-" "Mozilla/5.0 (Macintosh; Intel Mac OS X 10_15_7) AppleWebKit/537.36 (KHTML, like Gecko) Chrome/103.0.0.0 Safari/537.36" {"metadata":{"emulator":{"name":"hosting"},"message":"127.0.0.1 - - [15/Jul/2022:15:33:29 +0000] \"GET /static/js/main.0115bbf2.js.map HTTP/1.1\" 200 3246733 \"-\" \"Mozilla/5.0 (Macintosh; Intel Mac OS X 10_15_7) AppleWebKit/537.36 (KHTML, like Gecko) Chrome/103.0.0.0 Safari/537.36\""}}
[debug] [2022-07-15T15:33:29.461Z] [runtime-status] [6239] Functions runtime initialized. {"cwd":"/Users/hirdman/Projects/tagify/functions","node_version":"14.19.0"} {"metadata":{"emulator":{"name":"functions"},"function":{"name":"us-central1-api"},"extension":{},"message":"[runtime-status] [6239] Functions runtime initialized. {\"cwd\":\"/Users/hirdman/Projects/tagify/functions\",\"node_version\":\"14.19.0\"}"}}
[debug] [2022-07-15T15:33:29.461Z] [runtime-status] [6239] Disabled runtime features: undefined {"metadata":{"emulator":{"name":"functions"},"function":{"name":"us-central1-api"},"extension":{},"message":"[runtime-status] [6239] Disabled runtime features: undefined"}}
[debug] [2022-07-15T15:33:29.462Z] [runtime-status] [6239] Resolved module firebase-admin {"declared":true,"installed":true,"version":"10.3.0","resolution":"/Users/hirdman/Projects/tagify/functions/node_modules/firebase-admin/lib/index.js"} {"metadata":{"emulator":{"name":"functions"},"function":{"name":"us-central1-api"},"extension":{},"message":"[runtime-status] [6239] Resolved module firebase-admin {\"declared\":true,\"installed\":true,\"version\":\"10.3.0\",\"resolution\":\"/Users/hirdman/Projects/tagify/functions/node_modules/firebase-admin/lib/index.js\"}"}}
[debug] [2022-07-15T15:33:29.463Z] [runtime-status] [6239] Resolved module firebase-functions {"declared":true,"installed":true,"version":"3.22.0","resolution":"/Users/hirdman/Projects/tagify/functions/node_modules/firebase-functions/lib/index.js"} {"metadata":{"emulator":{"name":"functions"},"function":{"name":"us-central1-api"},"extension":{},"message":"[runtime-status] [6239] Resolved module firebase-functions {\"declared\":true,\"installed\":true,\"version\":\"3.22.0\",\"resolution\":\"/Users/hirdman/Projects/tagify/functions/node_modules/firebase-functions/lib/index.js\"}"}}
[debug] [2022-07-15T15:33:29.463Z] [runtime-status] [6239] Outgoing network have been stubbed. [{"name":"http","status":"mocked"},{"name":"http","status":"mocked"},{"name":"https","status":"mocked"},{"name":"https","status":"mocked"},{"name":"net","status":"mocked"}] {"metadata":{"emulator":{"name":"functions"},"function":{"name":"us-central1-api"},"extension":{},"message":"[runtime-status] [6239] Outgoing network have been stubbed. [{\"name\":\"http\",\"status\":\"mocked\"},{\"name\":\"http\",\"status\":\"mocked\"},{\"name\":\"https\",\"status\":\"mocked\"},{\"name\":\"https\",\"status\":\"mocked\"},{\"name\":\"net\",\"status\":\"mocked\"}]"}}
[debug] [2022-07-15T15:33:29.463Z] [runtime-status] [6239] Resolved module firebase-functions {"declared":true,"installed":true,"version":"3.22.0","resolution":"/Users/hirdman/Projects/tagify/functions/node_modules/firebase-functions/lib/index.js"} {"metadata":{"emulator":{"name":"functions"},"function":{"name":"us-central1-api"},"extension":{},"message":"[runtime-status] [6239] Resolved module firebase-functions {\"declared\":true,\"installed\":true,\"version\":\"3.22.0\",\"resolution\":\"/Users/hirdman/Projects/tagify/functions/node_modules/firebase-functions/lib/index.js\"}"}}
[debug] [2022-07-15T15:33:29.484Z] [runtime-status] [6239] Checked functions.config() {"config":{}} {"metadata":{"emulator":{"name":"functions"},"function":{"name":"us-central1-api"},"extension":{},"message":"[runtime-status] [6239] Checked functions.config() {\"config\":{}}"}}
[debug] [2022-07-15T15:33:29.484Z] [runtime-status] [6239] firebase-functions has been stubbed. {"functionsResolution":{"declared":true,"installed":true,"version":"3.22.0","resolution":"/Users/hirdman/Projects/tagify/functions/node_modules/firebase-functions/lib/index.js"}} {"metadata":{"emulator":{"name":"functions"},"function":{"name":"us-central1-api"},"extension":{},"message":"[runtime-status] [6239] firebase-functions has been stubbed. {\"functionsResolution\":{\"declared\":true,\"installed\":true,\"version\":\"3.22.0\",\"resolution\":\"/Users/hirdman/Projects/tagify/functions/node_modules/firebase-functions/lib/index.js\"}}"}}
[debug] [2022-07-15T15:33:29.484Z] [runtime-status] [6239] Resolved module firebase-functions {"declared":true,"installed":true,"version":"3.22.0","resolution":"/Users/hirdman/Projects/tagify/functions/node_modules/firebase-functions/lib/index.js"} {"metadata":{"emulator":{"name":"functions"},"function":{"name":"us-central1-api"},"extension":{},"message":"[runtime-status] [6239] Resolved module firebase-functions {\"declared\":true,\"installed\":true,\"version\":\"3.22.0\",\"resolution\":\"/Users/hirdman/Projects/tagify/functions/node_modules/firebase-functions/lib/index.js\"}"}}
[debug] [2022-07-15T15:33:29.485Z] [runtime-status] [6239] Resolved module firebase-admin {"declared":true,"installed":true,"version":"10.3.0","resolution":"/Users/hirdman/Projects/tagify/functions/node_modules/firebase-admin/lib/index.js"} {"metadata":{"emulator":{"name":"functions"},"function":{"name":"us-central1-api"},"extension":{},"message":"[runtime-status] [6239] Resolved module firebase-admin {\"declared\":true,\"installed\":true,\"version\":\"10.3.0\",\"resolution\":\"/Users/hirdman/Projects/tagify/functions/node_modules/firebase-admin/lib/index.js\"}"}}
[debug] [2022-07-15T15:33:29.485Z] [runtime-status] [6239] Resolved module firebase-functions {"declared":true,"installed":true,"version":"3.22.0","resolution":"/Users/hirdman/Projects/tagify/functions/node_modules/firebase-functions/lib/index.js"} {"metadata":{"emulator":{"name":"functions"},"function":{"name":"us-central1-api"},"extension":{},"message":"[runtime-status] [6239] Resolved module firebase-functions {\"declared\":true,\"installed\":true,\"version\":\"3.22.0\",\"resolution\":\"/Users/hirdman/Projects/tagify/functions/node_modules/firebase-functions/lib/index.js\"}"}}
[debug] [2022-07-15T15:33:29.485Z] [runtime-status] [6239] firebase-admin has been stubbed. {"adminResolution":{"declared":true,"installed":true,"version":"10.3.0","resolution":"/Users/hirdman/Projects/tagify/functions/node_modules/firebase-admin/lib/index.js"}} {"metadata":{"emulator":{"name":"functions"},"function":{"name":"us-central1-api"},"extension":{},"message":"[runtime-status] [6239] firebase-admin has been stubbed. {\"adminResolution\":{\"declared\":true,\"installed\":true,\"version\":\"10.3.0\",\"resolution\":\"/Users/hirdman/Projects/tagify/functions/node_modules/firebase-admin/lib/index.js\"}}"}}
[debug] [2022-07-15T15:33:29.541Z] [runtime-status] [6239] Beginning invocation function api! {"metadata":{"emulator":{"name":"functions"},"function":{"name":"us-central1-api"},"extension":{},"message":"[runtime-status] [6239] Beginning invocation function api!"}}
[info] i  functions: Beginning execution of "api" {"metadata":{"emulator":{"name":"functions"},"function":{"name":"us-central1-api"},"extension":{},"message":"Beginning execution of \"api\""}}
[debug] [2022-07-15T15:33:29.542Z] [runtime-status] [6239] Running api in signature http {"metadata":{"emulator":{"name":"functions"},"function":{"name":"us-central1-api"},"extension":{},"message":"[runtime-status] [6239] Running api in signature http"}}
[debug] [2022-07-15T15:33:29.546Z] [runtime-status] [6239] Attempting to listen to port: /var/folders/f3/hygj52y97_ndgw71tj1dwp7w0000gn/T/fire_emu_3381499578222d8c.sock {"metadata":{"emulator":{"name":"functions"},"function":{"name":"us-central1-api"},"extension":{},"message":"[runtime-status] [6239] Attempting to listen to port: /var/folders/f3/hygj52y97_ndgw71tj1dwp7w0000gn/T/fire_emu_3381499578222d8c.sock"}}
[debug] [2022-07-15T15:33:29.547Z] [runtime-status] [6239] Listening to port: /var/folders/f3/hygj52y97_ndgw71tj1dwp7w0000gn/T/fire_emu_3381499578222d8c.sock {"metadata":{"emulator":{"name":"functions"},"function":{"name":"us-central1-api"},"extension":{},"message":"[runtime-status] [6239] Listening to port: /var/folders/f3/hygj52y97_ndgw71tj1dwp7w0000gn/T/fire_emu_3381499578222d8c.sock"}}
[debug] [2022-07-15T15:33:29.548Z] [functions] Runtime ready! Sending request! {"metadata":{"emulator":{"name":"functions"},"message":"[functions] Runtime ready! Sending request!"}}
[debug] [2022-07-15T15:33:29.548Z] [functions] Got req.url=/moodify-92f8f/us-central1/api/auth/token, mapping to path=/auth/token {"metadata":{"emulator":{"name":"functions"},"message":"[functions] Got req.url=/moodify-92f8f/us-central1/api/auth/token, mapping to path=/auth/token"}}
[debug] [2022-07-15T15:33:29.551Z] [runtime-status] [6239] Ephemeral server handling GET request {"metadata":{"emulator":{"name":"functions"},"function":{"name":"us-central1-api"},"extension":{},"message":"[runtime-status] [6239] Ephemeral server handling GET request"}}
[debug] [2022-07-15T15:33:29.556Z] [runtime-status] [6239] Ephemeral server survived. {"metadata":{"emulator":{"name":"functions"},"function":{"name":"us-central1-api"},"extension":{},"message":"[runtime-status] [6239] Ephemeral server survived."}}
[info] i  functions: Finished "api" in ~1s {"metadata":{"emulator":{"name":"functions"},"function":{"name":"us-central1-api"},"extension":{},"message":"Finished \"api\" in ~1s"}}
[debug] [2022-07-15T15:33:29.557Z] [worker-us-central1-api-84adacec-1959-42aa-96dc-60ce8daa9560]: IDLE {"metadata":{"emulator":{"name":"functions"},"message":"[worker-us-central1-api-84adacec-1959-42aa-96dc-60ce8daa9560]: IDLE"}}
[debug] [2022-07-15T15:33:29.557Z] [work-queue] {"queueLength":0,"workRunningCount":0}
[debug] [2022-07-15T15:33:29.706Z] [work-queue] {"queueLength":1,"workRunningCount":0}
[debug] [2022-07-15T15:33:29.706Z] [work-queue] {"queueLength":0,"workRunningCount":1}
[debug] [2022-07-15T15:33:29.706Z] Accepted request GET /moodify-92f8f/us-central1/api/auth/token --> us-central1-api
[debug] [2022-07-15T15:33:29.706Z] [worker-pool] submitWork(triggerId=us-central1-api) {"metadata":{"emulator":{"name":"functions"},"message":"[worker-pool] submitWork(triggerId=us-central1-api)"}}
[debug] [2022-07-15T15:33:29.706Z] [worker-us-central1-api-84adacec-1959-42aa-96dc-60ce8daa9560]: BUSY {"metadata":{"emulator":{"name":"functions"},"message":"[worker-us-central1-api-84adacec-1959-42aa-96dc-60ce8daa9560]: BUSY"}}
[debug] [2022-07-15T15:33:29.707Z] [runtime-status] [6239] Beginning invocation function api! {"metadata":{"emulator":{"name":"functions"},"function":{"name":"us-central1-api"},"extension":{},"message":"[runtime-status] [6239] Beginning invocation function api!"}}
[info] i  functions: Beginning execution of "api" {"metadata":{"emulator":{"name":"functions"},"function":{"name":"us-central1-api"},"extension":{},"message":"Beginning execution of \"api\""}}
[debug] [2022-07-15T15:33:29.707Z] [runtime-status] [6239] Running api in signature http {"metadata":{"emulator":{"name":"functions"},"function":{"name":"us-central1-api"},"extension":{},"message":"[runtime-status] [6239] Running api in signature http"}}
[debug] [2022-07-15T15:33:29.708Z] [runtime-status] [6239] Attempting to listen to port: /var/folders/f3/hygj52y97_ndgw71tj1dwp7w0000gn/T/fire_emu_3381499578222d8c.sock {"metadata":{"emulator":{"name":"functions"},"function":{"name":"us-central1-api"},"extension":{},"message":"[runtime-status] [6239] Attempting to listen to port: /var/folders/f3/hygj52y97_ndgw71tj1dwp7w0000gn/T/fire_emu_3381499578222d8c.sock"}}
[debug] [2022-07-15T15:33:29.725Z] [runtime-status] [6239] Listening to port: /var/folders/f3/hygj52y97_ndgw71tj1dwp7w0000gn/T/fire_emu_3381499578222d8c.sock {"metadata":{"emulator":{"name":"functions"},"function":{"name":"us-central1-api"},"extension":{},"message":"[runtime-status] [6239] Listening to port: /var/folders/f3/hygj52y97_ndgw71tj1dwp7w0000gn/T/fire_emu_3381499578222d8c.sock"}}
[debug] [2022-07-15T15:33:29.726Z] [functions] Runtime ready! Sending request! {"metadata":{"emulator":{"name":"functions"},"message":"[functions] Runtime ready! Sending request!"}}
[debug] [2022-07-15T15:33:29.726Z] [functions] Got req.url=/moodify-92f8f/us-central1/api/auth/token, mapping to path=/auth/token {"metadata":{"emulator":{"name":"functions"},"message":"[functions] Got req.url=/moodify-92f8f/us-central1/api/auth/token, mapping to path=/auth/token"}}
[debug] [2022-07-15T15:33:29.728Z] [runtime-status] [6239] Ephemeral server handling GET request {"metadata":{"emulator":{"name":"functions"},"function":{"name":"us-central1-api"},"extension":{},"message":"[runtime-status] [6239] Ephemeral server handling GET request"}}
[debug] [2022-07-15T15:33:29.731Z] [runtime-status] [6239] Ephemeral server survived. {"metadata":{"emulator":{"name":"functions"},"function":{"name":"us-central1-api"},"extension":{},"message":"[runtime-status] [6239] Ephemeral server survived."}}
[info] i  functions: Finished "api" in ~1s {"metadata":{"emulator":{"name":"functions"},"function":{"name":"us-central1-api"},"extension":{},"message":"Finished \"api\" in ~1s"}}
[debug] [2022-07-15T15:33:29.732Z] [worker-us-central1-api-84adacec-1959-42aa-96dc-60ce8daa9560]: IDLE {"metadata":{"emulator":{"name":"functions"},"message":"[worker-us-central1-api-84adacec-1959-42aa-96dc-60ce8daa9560]: IDLE"}}
[debug] [2022-07-15T15:33:29.732Z] [work-queue] {"queueLength":0,"workRunningCount":0}
[debug] [2022-07-15T15:33:30.913Z] [work-queue] {"queueLength":1,"workRunningCount":0}
[debug] [2022-07-15T15:33:30.913Z] [work-queue] {"queueLength":0,"workRunningCount":1}
[debug] [2022-07-15T15:33:30.913Z] Accepted request GET /moodify-92f8f/us-central1/api/auth --> us-central1-api
[debug] [2022-07-15T15:33:30.913Z] [worker-pool] submitWork(triggerId=us-central1-api) {"metadata":{"emulator":{"name":"functions"},"message":"[worker-pool] submitWork(triggerId=us-central1-api)"}}
[debug] [2022-07-15T15:33:30.913Z] [worker-us-central1-api-84adacec-1959-42aa-96dc-60ce8daa9560]: BUSY {"metadata":{"emulator":{"name":"functions"},"message":"[worker-us-central1-api-84adacec-1959-42aa-96dc-60ce8daa9560]: BUSY"}}
[debug] [2022-07-15T15:33:30.914Z] [runtime-status] [6239] Beginning invocation function api! {"metadata":{"emulator":{"name":"functions"},"function":{"name":"us-central1-api"},"extension":{},"message":"[runtime-status] [6239] Beginning invocation function api!"}}
[info] i  functions: Beginning execution of "api" {"metadata":{"emulator":{"name":"functions"},"function":{"name":"us-central1-api"},"extension":{},"message":"Beginning execution of \"api\""}}
[debug] [2022-07-15T15:33:30.914Z] [runtime-status] [6239] Running api in signature http {"metadata":{"emulator":{"name":"functions"},"function":{"name":"us-central1-api"},"extension":{},"message":"[runtime-status] [6239] Running api in signature http"}}
[debug] [2022-07-15T15:33:30.915Z] [runtime-status] [6239] Attempting to listen to port: /var/folders/f3/hygj52y97_ndgw71tj1dwp7w0000gn/T/fire_emu_3381499578222d8c.sock {"metadata":{"emulator":{"name":"functions"},"function":{"name":"us-central1-api"},"extension":{},"message":"[runtime-status] [6239] Attempting to listen to port: /var/folders/f3/hygj52y97_ndgw71tj1dwp7w0000gn/T/fire_emu_3381499578222d8c.sock"}}
[debug] [2022-07-15T15:33:30.915Z] [runtime-status] [6239] Listening to port: /var/folders/f3/hygj52y97_ndgw71tj1dwp7w0000gn/T/fire_emu_3381499578222d8c.sock {"metadata":{"emulator":{"name":"functions"},"function":{"name":"us-central1-api"},"extension":{},"message":"[runtime-status] [6239] Listening to port: /var/folders/f3/hygj52y97_ndgw71tj1dwp7w0000gn/T/fire_emu_3381499578222d8c.sock"}}
[debug] [2022-07-15T15:33:30.915Z] [functions] Runtime ready! Sending request! {"metadata":{"emulator":{"name":"functions"},"message":"[functions] Runtime ready! Sending request!"}}
[debug] [2022-07-15T15:33:30.916Z] [functions] Got req.url=/moodify-92f8f/us-central1/api/auth, mapping to path=/auth {"metadata":{"emulator":{"name":"functions"},"message":"[functions] Got req.url=/moodify-92f8f/us-central1/api/auth, mapping to path=/auth"}}
[debug] [2022-07-15T15:33:30.917Z] [runtime-status] [6239] Ephemeral server handling GET request {"metadata":{"emulator":{"name":"functions"},"function":{"name":"us-central1-api"},"extension":{},"message":"[runtime-status] [6239] Ephemeral server handling GET request"}}
[debug] [2022-07-15T15:33:30.922Z] [runtime-status] [6239] Ephemeral server survived. {"metadata":{"emulator":{"name":"functions"},"function":{"name":"us-central1-api"},"extension":{},"message":"[runtime-status] [6239] Ephemeral server survived."}}
[info] i  functions: Finished "api" in ~1s {"metadata":{"emulator":{"name":"functions"},"function":{"name":"us-central1-api"},"extension":{},"message":"Finished \"api\" in ~1s"}}
[debug] [2022-07-15T15:33:30.923Z] [worker-us-central1-api-84adacec-1959-42aa-96dc-60ce8daa9560]: IDLE {"metadata":{"emulator":{"name":"functions"},"message":"[worker-us-central1-api-84adacec-1959-42aa-96dc-60ce8daa9560]: IDLE"}}
[debug] [2022-07-15T15:33:30.923Z] [work-queue] {"queueLength":0,"workRunningCount":0}
[debug] [2022-07-15T15:33:31.136Z] [work-queue] {"queueLength":1,"workRunningCount":0}
[debug] [2022-07-15T15:33:31.136Z] [work-queue] {"queueLength":0,"workRunningCount":1}
[debug] [2022-07-15T15:33:31.137Z] Accepted request GET /moodify-92f8f/us-central1/api/auth/callback?code=AQBGPhX5U14WeP6idp_u6i88UA1XFgL11SkDxjXhmcrx14zZIfFahpm2jctLydNMx7j_nU_frPylM-4fmSHQ4I-TUnM7yoXs0Aoz-zhKatqTTP7v0TRTR9Tj-yjhk7Xc4QsneTuz1pNP3-bLNTrg0xGg_RDu8fgD9J_2_UgLJX7zD_NYExgUlwFzkV7D_NUXtt4dMoq9QO4E2gYSnz3RVov2tE4v-nEn9hIqqeMnCUrOQkm9sGhQl-8xTcOEVm0oLl3RDsRrBlYQ-7GoDhFQQgqWFgiygFRJv95eD2cGx_MUXPhhw_Wxqa0OfOSAXVjxvWkW62ybIIJQH5WbxsfnucywyTqMroVgeDLW4fhYksoLF1eMN8PJdIHSK3DViNueZxbKVViQREvOoH8Rju6B18YSWF-YP-zp-FseHhl3N4DexdmoXCgupNOIv1yL9FwFVsWY-tPLzLFcRmEE_Alppb7khM1iAHtFbHf6Mf1CwILgTnVYGe0Kr3n8UMINSJuLVXVj3y8hGAi_790VII6lRsBO9iKgXcPnWkpnlT6Feqb-MlClseGMbrNohltIzcs_DIKTcdVblbEdonh7nilYgEYem5C4KBhYRlSQ6VRR9u4RhtxoZke_LFCx0DsYQWYVhIykf4L7eAgBcvDRX1MAXUDdurc4ig4pyFQloHqMA9KqTxp2qotOUOpuGPiMGQ&state=ge2Dt5DSM203N294 --> us-central1-api
[debug] [2022-07-15T15:33:31.137Z] [worker-pool] submitWork(triggerId=us-central1-api) {"metadata":{"emulator":{"name":"functions"},"message":"[worker-pool] submitWork(triggerId=us-central1-api)"}}
[debug] [2022-07-15T15:33:31.137Z] [worker-us-central1-api-84adacec-1959-42aa-96dc-60ce8daa9560]: BUSY {"metadata":{"emulator":{"name":"functions"},"message":"[worker-us-central1-api-84adacec-1959-42aa-96dc-60ce8daa9560]: BUSY"}}
[debug] [2022-07-15T15:33:31.138Z] [runtime-status] [6239] Beginning invocation function api! {"metadata":{"emulator":{"name":"functions"},"function":{"name":"us-central1-api"},"extension":{},"message":"[runtime-status] [6239] Beginning invocation function api!"}}
[info] i  functions: Beginning execution of "api" {"metadata":{"emulator":{"name":"functions"},"function":{"name":"us-central1-api"},"extension":{},"message":"Beginning execution of \"api\""}}
[debug] [2022-07-15T15:33:31.139Z] [runtime-status] [6239] Running api in signature http {"metadata":{"emulator":{"name":"functions"},"function":{"name":"us-central1-api"},"extension":{},"message":"[runtime-status] [6239] Running api in signature http"}}
[debug] [2022-07-15T15:33:31.140Z] [runtime-status] [6239] Attempting to listen to port: /var/folders/f3/hygj52y97_ndgw71tj1dwp7w0000gn/T/fire_emu_3381499578222d8c.sock {"metadata":{"emulator":{"name":"functions"},"function":{"name":"us-central1-api"},"extension":{},"message":"[runtime-status] [6239] Attempting to listen to port: /var/folders/f3/hygj52y97_ndgw71tj1dwp7w0000gn/T/fire_emu_3381499578222d8c.sock"}}
[debug] [2022-07-15T15:33:31.140Z] [runtime-status] [6239] Listening to port: /var/folders/f3/hygj52y97_ndgw71tj1dwp7w0000gn/T/fire_emu_3381499578222d8c.sock {"metadata":{"emulator":{"name":"functions"},"function":{"name":"us-central1-api"},"extension":{},"message":"[runtime-status] [6239] Listening to port: /var/folders/f3/hygj52y97_ndgw71tj1dwp7w0000gn/T/fire_emu_3381499578222d8c.sock"}}
[debug] [2022-07-15T15:33:31.141Z] [functions] Runtime ready! Sending request! {"metadata":{"emulator":{"name":"functions"},"message":"[functions] Runtime ready! Sending request!"}}
[debug] [2022-07-15T15:33:31.143Z] [functions] Got req.url=/moodify-92f8f/us-central1/api/auth/callback?code=AQBGPhX5U14WeP6idp_u6i88UA1XFgL11SkDxjXhmcrx14zZIfFahpm2jctLydNMx7j_nU_frPylM-4fmSHQ4I-TUnM7yoXs0Aoz-zhKatqTTP7v0TRTR9Tj-yjhk7Xc4QsneTuz1pNP3-bLNTrg0xGg_RDu8fgD9J_2_UgLJX7zD_NYExgUlwFzkV7D_NUXtt4dMoq9QO4E2gYSnz3RVov2tE4v-nEn9hIqqeMnCUrOQkm9sGhQl-8xTcOEVm0oLl3RDsRrBlYQ-7GoDhFQQgqWFgiygFRJv95eD2cGx_MUXPhhw_Wxqa0OfOSAXVjxvWkW62ybIIJQH5WbxsfnucywyTqMroVgeDLW4fhYksoLF1eMN8PJdIHSK3DViNueZxbKVViQREvOoH8Rju6B18YSWF-YP-zp-FseHhl3N4DexdmoXCgupNOIv1yL9FwFVsWY-tPLzLFcRmEE_Alppb7khM1iAHtFbHf6Mf1CwILgTnVYGe0Kr3n8UMINSJuLVXVj3y8hGAi_790VII6lRsBO9iKgXcPnWkpnlT6Feqb-MlClseGMbrNohltIzcs_DIKTcdVblbEdonh7nilYgEYem5C4KBhYRlSQ6VRR9u4RhtxoZke_LFCx0DsYQWYVhIykf4L7eAgBcvDRX1MAXUDdurc4ig4pyFQloHqMA9KqTxp2qotOUOpuGPiMGQ&state=ge2Dt5DSM203N294, mapping to path=/auth/callback?code=AQBGPhX5U14WeP6idp_u6i88UA1XFgL11SkDxjXhmcrx14zZIfFahpm2jctLydNMx7j_nU_frPylM-4fmSHQ4I-TUnM7yoXs0Aoz-zhKatqTTP7v0TRTR9Tj-yjhk7Xc4QsneTuz1pNP3-bLNTrg0xGg_RDu8fgD9J_2_UgLJX7zD_NYExgUlwFzkV7D_NUXtt4dMoq9QO4E2gYSnz3RVov2tE4v-nEn9hIqqeMnCUrOQkm9sGhQl-8xTcOEVm0oLl3RDsRrBlYQ-7GoDhFQQgqWFgiygFRJv95eD2cGx_MUXPhhw_Wxqa0OfOSAXVjxvWkW62ybIIJQH5WbxsfnucywyTqMroVgeDLW4fhYksoLF1eMN8PJdIHSK3DViNueZxbKVViQREvOoH8Rju6B18YSWF-YP-zp-FseHhl3N4DexdmoXCgupNOIv1yL9FwFVsWY-tPLzLFcRmEE_Alppb7khM1iAHtFbHf6Mf1CwILgTnVYGe0Kr3n8UMINSJuLVXVj3y8hGAi_790VII6lRsBO9iKgXcPnWkpnlT6Feqb-MlClseGMbrNohltIzcs_DIKTcdVblbEdonh7nilYgEYem5C4KBhYRlSQ6VRR9u4RhtxoZke_LFCx0DsYQWYVhIykf4L7eAgBcvDRX1MAXUDdurc4ig4pyFQloHqMA9KqTxp2qotOUOpuGPiMGQ&state=ge2Dt5DSM203N294 {"metadata":{"emulator":{"name":"functions"},"message":"[functions] Got req.url=/moodify-92f8f/us-central1/api/auth/callback?code=AQBGPhX5U14WeP6idp_u6i88UA1XFgL11SkDxjXhmcrx14zZIfFahpm2jctLydNMx7j_nU_frPylM-4fmSHQ4I-TUnM7yoXs0Aoz-zhKatqTTP7v0TRTR9Tj-yjhk7Xc4QsneTuz1pNP3-bLNTrg0xGg_RDu8fgD9J_2_UgLJX7zD_NYExgUlwFzkV7D_NUXtt4dMoq9QO4E2gYSnz3RVov2tE4v-nEn9hIqqeMnCUrOQkm9sGhQl-8xTcOEVm0oLl3RDsRrBlYQ-7GoDhFQQgqWFgiygFRJv95eD2cGx_MUXPhhw_Wxqa0OfOSAXVjxvWkW62ybIIJQH5WbxsfnucywyTqMroVgeDLW4fhYksoLF1eMN8PJdIHSK3DViNueZxbKVViQREvOoH8Rju6B18YSWF-YP-zp-FseHhl3N4DexdmoXCgupNOIv1yL9FwFVsWY-tPLzLFcRmEE_Alppb7khM1iAHtFbHf6Mf1CwILgTnVYGe0Kr3n8UMINSJuLVXVj3y8hGAi_790VII6lRsBO9iKgXcPnWkpnlT6Feqb-MlClseGMbrNohltIzcs_DIKTcdVblbEdonh7nilYgEYem5C4KBhYRlSQ6VRR9u4RhtxoZke_LFCx0DsYQWYVhIykf4L7eAgBcvDRX1MAXUDdurc4ig4pyFQloHqMA9KqTxp2qotOUOpuGPiMGQ&state=ge2Dt5DSM203N294, mapping to path=/auth/callback?code=AQBGPhX5U14WeP6idp_u6i88UA1XFgL11SkDxjXhmcrx14zZIfFahpm2jctLydNMx7j_nU_frPylM-4fmSHQ4I-TUnM7yoXs0Aoz-zhKatqTTP7v0TRTR9Tj-yjhk7Xc4QsneTuz1pNP3-bLNTrg0xGg_RDu8fgD9J_2_UgLJX7zD_NYExgUlwFzkV7D_NUXtt4dMoq9QO4E2gYSnz3RVov2tE4v-nEn9hIqqeMnCUrOQkm9sGhQl-8xTcOEVm0oLl3RDsRrBlYQ-7GoDhFQQgqWFgiygFRJv95eD2cGx_MUXPhhw_Wxqa0OfOSAXVjxvWkW62ybIIJQH5WbxsfnucywyTqMroVgeDLW4fhYksoLF1eMN8PJdIHSK3DViNueZxbKVViQREvOoH8Rju6B18YSWF-YP-zp-FseHhl3N4DexdmoXCgupNOIv1yL9FwFVsWY-tPLzLFcRmEE_Alppb7khM1iAHtFbHf6Mf1CwILgTnVYGe0Kr3n8UMINSJuLVXVj3y8hGAi_790VII6lRsBO9iKgXcPnWkpnlT6Feqb-MlClseGMbrNohltIzcs_DIKTcdVblbEdonh7nilYgEYem5C4KBhYRlSQ6VRR9u4RhtxoZke_LFCx0DsYQWYVhIykf4L7eAgBcvDRX1MAXUDdurc4ig4pyFQloHqMA9KqTxp2qotOUOpuGPiMGQ&state=ge2Dt5DSM203N294"}}
[debug] [2022-07-15T15:33:31.149Z] [runtime-status] [6239] Ephemeral server handling GET request {"metadata":{"emulator":{"name":"functions"},"function":{"name":"us-central1-api"},"extension":{},"message":"[runtime-status] [6239] Ephemeral server handling GET request"}}
[debug] [2022-07-15T15:33:31.173Z] [runtime-status] [6239] Ephemeral server survived. {"metadata":{"emulator":{"name":"functions"},"function":{"name":"us-central1-api"},"extension":{},"message":"[runtime-status] [6239] Ephemeral server survived."}}
[info] i  functions: Finished "api" in ~1s {"metadata":{"emulator":{"name":"functions"},"function":{"name":"us-central1-api"},"extension":{},"message":"Finished \"api\" in ~1s"}}
[debug] [2022-07-15T15:33:31.355Z] [worker-us-central1-api-84adacec-1959-42aa-96dc-60ce8daa9560]: IDLE {"metadata":{"emulator":{"name":"functions"},"message":"[worker-us-central1-api-84adacec-1959-42aa-96dc-60ce8daa9560]: IDLE"}}
[debug] [2022-07-15T15:33:31.356Z] [work-queue] {"queueLength":0,"workRunningCount":0}
[debug] [2022-07-15T15:33:31.454Z] [work-queue] {"queueLength":1,"workRunningCount":0}
[debug] [2022-07-15T15:33:31.454Z] [work-queue] {"queueLength":0,"workRunningCount":1}
[debug] [2022-07-15T15:33:31.454Z] Accepted request GET /moodify-92f8f/us-central1/api/auth/token --> us-central1-api
[debug] [2022-07-15T15:33:31.454Z] [worker-pool] submitWork(triggerId=us-central1-api) {"metadata":{"emulator":{"name":"functions"},"message":"[worker-pool] submitWork(triggerId=us-central1-api)"}}
[debug] [2022-07-15T15:33:31.454Z] [worker-us-central1-api-84adacec-1959-42aa-96dc-60ce8daa9560]: BUSY {"metadata":{"emulator":{"name":"functions"},"message":"[worker-us-central1-api-84adacec-1959-42aa-96dc-60ce8daa9560]: BUSY"}}
[debug] [2022-07-15T15:33:31.455Z] [runtime-status] [6239] Beginning invocation function api! {"metadata":{"emulator":{"name":"functions"},"function":{"name":"us-central1-api"},"extension":{},"message":"[runtime-status] [6239] Beginning invocation function api!"}}
[info] i  functions: Beginning execution of "api" {"metadata":{"emulator":{"name":"functions"},"function":{"name":"us-central1-api"},"extension":{},"message":"Beginning execution of \"api\""}}
[debug] [2022-07-15T15:33:31.455Z] [runtime-status] [6239] Running api in signature http {"metadata":{"emulator":{"name":"functions"},"function":{"name":"us-central1-api"},"extension":{},"message":"[runtime-status] [6239] Running api in signature http"}}
[debug] [2022-07-15T15:33:31.455Z] [runtime-status] [6239] Attempting to listen to port: /var/folders/f3/hygj52y97_ndgw71tj1dwp7w0000gn/T/fire_emu_3381499578222d8c.sock {"metadata":{"emulator":{"name":"functions"},"function":{"name":"us-central1-api"},"extension":{},"message":"[runtime-status] [6239] Attempting to listen to port: /var/folders/f3/hygj52y97_ndgw71tj1dwp7w0000gn/T/fire_emu_3381499578222d8c.sock"}}
[debug] [2022-07-15T15:33:31.457Z] [runtime-status] [6239] Listening to port: /var/folders/f3/hygj52y97_ndgw71tj1dwp7w0000gn/T/fire_emu_3381499578222d8c.sock {"metadata":{"emulator":{"name":"functions"},"function":{"name":"us-central1-api"},"extension":{},"message":"[runtime-status] [6239] Listening to port: /var/folders/f3/hygj52y97_ndgw71tj1dwp7w0000gn/T/fire_emu_3381499578222d8c.sock"}}
[debug] [2022-07-15T15:33:31.458Z] [functions] Runtime ready! Sending request! {"metadata":{"emulator":{"name":"functions"},"message":"[functions] Runtime ready! Sending request!"}}
[debug] [2022-07-15T15:33:31.458Z] [functions] Got req.url=/moodify-92f8f/us-central1/api/auth/token, mapping to path=/auth/token {"metadata":{"emulator":{"name":"functions"},"message":"[functions] Got req.url=/moodify-92f8f/us-central1/api/auth/token, mapping to path=/auth/token"}}
[debug] [2022-07-15T15:33:31.460Z] [runtime-status] [6239] Ephemeral server handling GET request {"metadata":{"emulator":{"name":"functions"},"function":{"name":"us-central1-api"},"extension":{},"message":"[runtime-status] [6239] Ephemeral server handling GET request"}}
[debug] [2022-07-15T15:33:31.462Z] [runtime-status] [6239] Ephemeral server survived. {"metadata":{"emulator":{"name":"functions"},"function":{"name":"us-central1-api"},"extension":{},"message":"[runtime-status] [6239] Ephemeral server survived."}}
[info] i  functions: Finished "api" in ~1s {"metadata":{"emulator":{"name":"functions"},"function":{"name":"us-central1-api"},"extension":{},"message":"Finished \"api\" in ~1s"}}
[debug] [2022-07-15T15:33:31.464Z] [worker-us-central1-api-84adacec-1959-42aa-96dc-60ce8daa9560]: IDLE {"metadata":{"emulator":{"name":"functions"},"message":"[worker-us-central1-api-84adacec-1959-42aa-96dc-60ce8daa9560]: IDLE"}}
[debug] [2022-07-15T15:33:31.464Z] [work-queue] {"queueLength":0,"workRunningCount":0}
[info] i  hosting: 127.0.0.1 - - [15/Jul/2022:15:33:31 +0000] "GET /static/css/main.c24f3270.css.map HTTP/1.1" 200 23382 "-" "Mozilla/5.0 (Macintosh; Intel Mac OS X 10_15_7) AppleWebKit/537.36 (KHTML, like Gecko) Chrome/103.0.0.0 Safari/537.36" {"metadata":{"emulator":{"name":"hosting"},"message":"127.0.0.1 - - [15/Jul/2022:15:33:31 +0000] \"GET /static/css/main.c24f3270.css.map HTTP/1.1\" 200 23382 \"-\" \"Mozilla/5.0 (Macintosh; Intel Mac OS X 10_15_7) AppleWebKit/537.36 (KHTML, like Gecko) Chrome/103.0.0.0 Safari/537.36\""}}
[debug] [2022-07-15T15:33:31.476Z] [work-queue] {"queueLength":1,"workRunningCount":0}
[debug] [2022-07-15T15:33:31.476Z] [work-queue] {"queueLength":0,"workRunningCount":1}
[debug] [2022-07-15T15:33:31.476Z] Accepted request OPTIONS /moodify-92f8f/us-central1/api/user --> us-central1-api
[debug] [2022-07-15T15:33:31.476Z] [worker-pool] submitWork(triggerId=us-central1-api) {"metadata":{"emulator":{"name":"functions"},"message":"[worker-pool] submitWork(triggerId=us-central1-api)"}}
[debug] [2022-07-15T15:33:31.477Z] [worker-us-central1-api-84adacec-1959-42aa-96dc-60ce8daa9560]: BUSY {"metadata":{"emulator":{"name":"functions"},"message":"[worker-us-central1-api-84adacec-1959-42aa-96dc-60ce8daa9560]: BUSY"}}
[debug] [2022-07-15T15:33:31.477Z] [runtime-status] [6239] Beginning invocation function api! {"metadata":{"emulator":{"name":"functions"},"function":{"name":"us-central1-api"},"extension":{},"message":"[runtime-status] [6239] Beginning invocation function api!"}}
[info] i  functions: Beginning execution of "api" {"metadata":{"emulator":{"name":"functions"},"function":{"name":"us-central1-api"},"extension":{},"message":"Beginning execution of \"api\""}}
[debug] [2022-07-15T15:33:31.477Z] [runtime-status] [6239] Running api in signature http {"metadata":{"emulator":{"name":"functions"},"function":{"name":"us-central1-api"},"extension":{},"message":"[runtime-status] [6239] Running api in signature http"}}
[debug] [2022-07-15T15:33:31.477Z] [runtime-status] [6239] Attempting to listen to port: /var/folders/f3/hygj52y97_ndgw71tj1dwp7w0000gn/T/fire_emu_3381499578222d8c.sock {"metadata":{"emulator":{"name":"functions"},"function":{"name":"us-central1-api"},"extension":{},"message":"[runtime-status] [6239] Attempting to listen to port: /var/folders/f3/hygj52y97_ndgw71tj1dwp7w0000gn/T/fire_emu_3381499578222d8c.sock"}}
[debug] [2022-07-15T15:33:31.479Z] [runtime-status] [6239] Listening to port: /var/folders/f3/hygj52y97_ndgw71tj1dwp7w0000gn/T/fire_emu_3381499578222d8c.sock {"metadata":{"emulator":{"name":"functions"},"function":{"name":"us-central1-api"},"extension":{},"message":"[runtime-status] [6239] Listening to port: /var/folders/f3/hygj52y97_ndgw71tj1dwp7w0000gn/T/fire_emu_3381499578222d8c.sock"}}
[debug] [2022-07-15T15:33:31.480Z] [functions] Runtime ready! Sending request! {"metadata":{"emulator":{"name":"functions"},"message":"[functions] Runtime ready! Sending request!"}}
[debug] [2022-07-15T15:33:31.480Z] [functions] Got req.url=/moodify-92f8f/us-central1/api/user, mapping to path=/user {"metadata":{"emulator":{"name":"functions"},"message":"[functions] Got req.url=/moodify-92f8f/us-central1/api/user, mapping to path=/user"}}
[debug] [2022-07-15T15:33:31.481Z] [runtime-status] [6239] Ephemeral server handling OPTIONS request {"metadata":{"emulator":{"name":"functions"},"function":{"name":"us-central1-api"},"extension":{},"message":"[runtime-status] [6239] Ephemeral server handling OPTIONS request"}}
[debug] [2022-07-15T15:33:31.482Z] [work-queue] {"queueLength":1,"workRunningCount":1}
[debug] [2022-07-15T15:33:31.482Z] [work-queue] {"queueLength":0,"workRunningCount":2}
[debug] [2022-07-15T15:33:31.482Z] Accepted request POST /moodify-92f8f/us-central1/api/user --> us-central1-api
[info] i  functions: Loaded environment variables from .env. 
[debug] [2022-07-15T15:33:31.500Z] [worker-pool] addWorker(us-central1-api) {"metadata":{"emulator":{"name":"functions"},"message":"[worker-pool] addWorker(us-central1-api)"}}
[debug] [2022-07-15T15:33:31.500Z] [worker-pool] Adding worker with key us-central1-api, total=2 {"metadata":{"emulator":{"name":"functions"},"message":"[worker-pool] Adding worker with key us-central1-api, total=2"}}
[debug] [2022-07-15T15:33:31.500Z] [worker-pool] submitWork(triggerId=us-central1-api) {"metadata":{"emulator":{"name":"functions"},"message":"[worker-pool] submitWork(triggerId=us-central1-api)"}}
[debug] [2022-07-15T15:33:31.500Z] [worker-us-central1-api-483e9a48-9478-446a-827b-5c4ffaf4c1fc]: BUSY {"metadata":{"emulator":{"name":"functions"},"message":"[worker-us-central1-api-483e9a48-9478-446a-827b-5c4ffaf4c1fc]: BUSY"}}
[debug] [2022-07-15T15:33:31.516Z] [runtime-status] [6239] Ephemeral server survived. {"metadata":{"emulator":{"name":"functions"},"function":{"name":"us-central1-api"},"extension":{},"message":"[runtime-status] [6239] Ephemeral server survived."}}
[info] i  functions: Finished "api" in ~1s {"metadata":{"emulator":{"name":"functions"},"function":{"name":"us-central1-api"},"extension":{},"message":"Finished \"api\" in ~1s"}}
[debug] [2022-07-15T15:33:31.517Z] [worker-us-central1-api-84adacec-1959-42aa-96dc-60ce8daa9560]: IDLE {"metadata":{"emulator":{"name":"functions"},"message":"[worker-us-central1-api-84adacec-1959-42aa-96dc-60ce8daa9560]: IDLE"}}
[debug] [2022-07-15T15:33:31.517Z] [work-queue] {"queueLength":0,"workRunningCount":1}
[info] i  hosting: 127.0.0.1 - - [15/Jul/2022:15:33:31 +0000] "GET /static/js/main.0115bbf2.js.map HTTP/1.1" 200 3246733 "-" "Mozilla/5.0 (Macintosh; Intel Mac OS X 10_15_7) AppleWebKit/537.36 (KHTML, like Gecko) Chrome/103.0.0.0 Safari/537.36" {"metadata":{"emulator":{"name":"hosting"},"message":"127.0.0.1 - - [15/Jul/2022:15:33:31 +0000] \"GET /static/js/main.0115bbf2.js.map HTTP/1.1\" 200 3246733 \"-\" \"Mozilla/5.0 (Macintosh; Intel Mac OS X 10_15_7) AppleWebKit/537.36 (KHTML, like Gecko) Chrome/103.0.0.0 Safari/537.36\""}}
[info] i  hosting: 127.0.0.1 - - [15/Jul/2022:15:33:31 +0000] "GET /static/media/avatar.44fc6ffad91a3d3671c301c82efd1c7b.svg HTTP/1.1" 200 718 "http://localhost:3000/" "Mozilla/5.0 (iPhone; CPU iPhone OS 13_2_3 like Mac OS X) AppleWebKit/605.1.15 (KHTML, like Gecko) Version/13.0.3 Mobile/15E148 Safari/604.1" {"metadata":{"emulator":{"name":"hosting"},"message":"127.0.0.1 - - [15/Jul/2022:15:33:31 +0000] \"GET /static/media/avatar.44fc6ffad91a3d3671c301c82efd1c7b.svg HTTP/1.1\" 200 718 \"http://localhost:3000/\" \"Mozilla/5.0 (iPhone; CPU iPhone OS 13_2_3 like Mac OS X) AppleWebKit/605.1.15 (KHTML, like Gecko) Version/13.0.3 Mobile/15E148 Safari/604.1\""}}
[info] i  hosting: 127.0.0.1 - - [15/Jul/2022:15:33:31 +0000] "GET /static/media/tag.400b4aa49e6df4678f7bf3a49c7bfacb.svg HTTP/1.1" 200 678 "http://localhost:3000/" "Mozilla/5.0 (iPhone; CPU iPhone OS 13_2_3 like Mac OS X) AppleWebKit/605.1.15 (KHTML, like Gecko) Version/13.0.3 Mobile/15E148 Safari/604.1" {"metadata":{"emulator":{"name":"hosting"},"message":"127.0.0.1 - - [15/Jul/2022:15:33:31 +0000] \"GET /static/media/tag.400b4aa49e6df4678f7bf3a49c7bfacb.svg HTTP/1.1\" 200 678 \"http://localhost:3000/\" \"Mozilla/5.0 (iPhone; CPU iPhone OS 13_2_3 like Mac OS X) AppleWebKit/605.1.15 (KHTML, like Gecko) Version/13.0.3 Mobile/15E148 Safari/604.1\""}}
[info] i  hosting: 127.0.0.1 - - [15/Jul/2022:15:33:31 +0000] "GET /static/media/list-white.e0b2be93c6cb945c29927c7e5b0f5d69.svg HTTP/1.1" 200 774 "http://localhost:3000/" "Mozilla/5.0 (iPhone; CPU iPhone OS 13_2_3 like Mac OS X) AppleWebKit/605.1.15 (KHTML, like Gecko) Version/13.0.3 Mobile/15E148 Safari/604.1" {"metadata":{"emulator":{"name":"hosting"},"message":"127.0.0.1 - - [15/Jul/2022:15:33:31 +0000] \"GET /static/media/list-white.e0b2be93c6cb945c29927c7e5b0f5d69.svg HTTP/1.1\" 200 774 \"http://localhost:3000/\" \"Mozilla/5.0 (iPhone; CPU iPhone OS 13_2_3 like Mac OS X) AppleWebKit/605.1.15 (KHTML, like Gecko) Version/13.0.3 Mobile/15E148 Safari/604.1\""}}
[debug] [2022-07-15T15:33:31.816Z] [work-queue] {"queueLength":1,"workRunningCount":1}
[debug] [2022-07-15T15:33:31.816Z] [work-queue] {"queueLength":0,"workRunningCount":2}
[debug] [2022-07-15T15:33:31.816Z] Accepted request OPTIONS /moodify-92f8f/us-central1/api/user/saved --> us-central1-api
[debug] [2022-07-15T15:33:31.816Z] [worker-pool] submitWork(triggerId=us-central1-api) {"metadata":{"emulator":{"name":"functions"},"message":"[worker-pool] submitWork(triggerId=us-central1-api)"}}
[debug] [2022-07-15T15:33:31.817Z] [worker-us-central1-api-84adacec-1959-42aa-96dc-60ce8daa9560]: BUSY {"metadata":{"emulator":{"name":"functions"},"message":"[worker-us-central1-api-84adacec-1959-42aa-96dc-60ce8daa9560]: BUSY"}}
[debug] [2022-07-15T15:33:31.817Z] [work-queue] {"queueLength":1,"workRunningCount":2}
[debug] [2022-07-15T15:33:31.817Z] [work-queue] {"queueLength":0,"workRunningCount":3}
[debug] [2022-07-15T15:33:31.817Z] Accepted request GET /moodify-92f8f/us-central1/api/auth/token --> us-central1-api
[info] i  functions: Loaded environment variables from .env. 
[debug] [2022-07-15T15:33:31.834Z] [worker-pool] addWorker(us-central1-api) {"metadata":{"emulator":{"name":"functions"},"message":"[worker-pool] addWorker(us-central1-api)"}}
[debug] [2022-07-15T15:33:31.835Z] [worker-pool] Adding worker with key us-central1-api, total=3 {"metadata":{"emulator":{"name":"functions"},"message":"[worker-pool] Adding worker with key us-central1-api, total=3"}}
[debug] [2022-07-15T15:33:31.835Z] [worker-pool] submitWork(triggerId=us-central1-api) {"metadata":{"emulator":{"name":"functions"},"message":"[worker-pool] submitWork(triggerId=us-central1-api)"}}
[debug] [2022-07-15T15:33:31.835Z] [worker-us-central1-api-93cb4592-4d0d-48c9-b69f-a34103e22770]: BUSY {"metadata":{"emulator":{"name":"functions"},"message":"[worker-us-central1-api-93cb4592-4d0d-48c9-b69f-a34103e22770]: BUSY"}}
[debug] [2022-07-15T15:33:31.835Z] [runtime-status] [6239] Beginning invocation function api! {"metadata":{"emulator":{"name":"functions"},"function":{"name":"us-central1-api"},"extension":{},"message":"[runtime-status] [6239] Beginning invocation function api!"}}
[info] i  functions: Beginning execution of "api" {"metadata":{"emulator":{"name":"functions"},"function":{"name":"us-central1-api"},"extension":{},"message":"Beginning execution of \"api\""}}
[debug] [2022-07-15T15:33:31.836Z] [runtime-status] [6239] Running api in signature http {"metadata":{"emulator":{"name":"functions"},"function":{"name":"us-central1-api"},"extension":{},"message":"[runtime-status] [6239] Running api in signature http"}}
[debug] [2022-07-15T15:33:31.836Z] [runtime-status] [6239] Attempting to listen to port: /var/folders/f3/hygj52y97_ndgw71tj1dwp7w0000gn/T/fire_emu_3381499578222d8c.sock {"metadata":{"emulator":{"name":"functions"},"function":{"name":"us-central1-api"},"extension":{},"message":"[runtime-status] [6239] Attempting to listen to port: /var/folders/f3/hygj52y97_ndgw71tj1dwp7w0000gn/T/fire_emu_3381499578222d8c.sock"}}
[debug] [2022-07-15T15:33:31.836Z] [runtime-status] [6239] Listening to port: /var/folders/f3/hygj52y97_ndgw71tj1dwp7w0000gn/T/fire_emu_3381499578222d8c.sock {"metadata":{"emulator":{"name":"functions"},"function":{"name":"us-central1-api"},"extension":{},"message":"[runtime-status] [6239] Listening to port: /var/folders/f3/hygj52y97_ndgw71tj1dwp7w0000gn/T/fire_emu_3381499578222d8c.sock"}}
[debug] [2022-07-15T15:33:31.836Z] [functions] Runtime ready! Sending request! {"metadata":{"emulator":{"name":"functions"},"message":"[functions] Runtime ready! Sending request!"}}
[debug] [2022-07-15T15:33:31.836Z] [functions] Got req.url=/moodify-92f8f/us-central1/api/user/saved, mapping to path=/user/saved {"metadata":{"emulator":{"name":"functions"},"message":"[functions] Got req.url=/moodify-92f8f/us-central1/api/user/saved, mapping to path=/user/saved"}}
[debug] [2022-07-15T15:33:31.837Z] [runtime-status] [6239] Ephemeral server handling OPTIONS request {"metadata":{"emulator":{"name":"functions"},"function":{"name":"us-central1-api"},"extension":{},"message":"[runtime-status] [6239] Ephemeral server handling OPTIONS request"}}
[info] i  hosting: 127.0.0.1 - - [15/Jul/2022:15:33:31 +0000] "GET /static/media/magnifier.aee48bc0b81b8b35e51acd9a2d47f564.svg HTTP/1.1" 200 544 "http://localhost:3000/" "Mozilla/5.0 (iPhone; CPU iPhone OS 13_2_3 like Mac OS X) AppleWebKit/605.1.15 (KHTML, like Gecko) Version/13.0.3 Mobile/15E148 Safari/604.1" {"metadata":{"emulator":{"name":"hosting"},"message":"127.0.0.1 - - [15/Jul/2022:15:33:31 +0000] \"GET /static/media/magnifier.aee48bc0b81b8b35e51acd9a2d47f564.svg HTTP/1.1\" 200 544 \"http://localhost:3000/\" \"Mozilla/5.0 (iPhone; CPU iPhone OS 13_2_3 like Mac OS X) AppleWebKit/605.1.15 (KHTML, like Gecko) Version/13.0.3 Mobile/15E148 Safari/604.1\""}}
[debug] [2022-07-15T15:33:31.839Z] [runtime-status] [6239] Ephemeral server survived. {"metadata":{"emulator":{"name":"functions"},"function":{"name":"us-central1-api"},"extension":{},"message":"[runtime-status] [6239] Ephemeral server survived."}}
[info] i  functions: Finished "api" in ~1s {"metadata":{"emulator":{"name":"functions"},"function":{"name":"us-central1-api"},"extension":{},"message":"Finished \"api\" in ~1s"}}
[debug] [2022-07-15T15:33:31.839Z] [worker-us-central1-api-84adacec-1959-42aa-96dc-60ce8daa9560]: IDLE {"metadata":{"emulator":{"name":"functions"},"message":"[worker-us-central1-api-84adacec-1959-42aa-96dc-60ce8daa9560]: IDLE"}}
[debug] [2022-07-15T15:33:31.839Z] [work-queue] {"queueLength":0,"workRunningCount":2}
[debug] [2022-07-15T15:33:31.840Z] [work-queue] {"queueLength":1,"workRunningCount":2}
[debug] [2022-07-15T15:33:31.840Z] [work-queue] {"queueLength":0,"workRunningCount":3}
[debug] [2022-07-15T15:33:31.840Z] Accepted request POST /moodify-92f8f/us-central1/api/user/saved --> us-central1-api
[debug] [2022-07-15T15:33:31.840Z] [worker-pool] submitWork(triggerId=us-central1-api) {"metadata":{"emulator":{"name":"functions"},"message":"[worker-pool] submitWork(triggerId=us-central1-api)"}}
[debug] [2022-07-15T15:33:31.840Z] [worker-us-central1-api-84adacec-1959-42aa-96dc-60ce8daa9560]: BUSY {"metadata":{"emulator":{"name":"functions"},"message":"[worker-us-central1-api-84adacec-1959-42aa-96dc-60ce8daa9560]: BUSY"}}
[debug] [2022-07-15T15:33:31.850Z] [runtime-status] [6239] Beginning invocation function api! {"metadata":{"emulator":{"name":"functions"},"function":{"name":"us-central1-api"},"extension":{},"message":"[runtime-status] [6239] Beginning invocation function api!"}}
[info] i  functions: Beginning execution of "api" {"metadata":{"emulator":{"name":"functions"},"function":{"name":"us-central1-api"},"extension":{},"message":"Beginning execution of \"api\""}}
[debug] [2022-07-15T15:33:31.850Z] [runtime-status] [6239] Running api in signature http {"metadata":{"emulator":{"name":"functions"},"function":{"name":"us-central1-api"},"extension":{},"message":"[runtime-status] [6239] Running api in signature http"}}
[debug] [2022-07-15T15:33:31.850Z] [runtime-status] [6239] Attempting to listen to port: /var/folders/f3/hygj52y97_ndgw71tj1dwp7w0000gn/T/fire_emu_3381499578222d8c.sock {"metadata":{"emulator":{"name":"functions"},"function":{"name":"us-central1-api"},"extension":{},"message":"[runtime-status] [6239] Attempting to listen to port: /var/folders/f3/hygj52y97_ndgw71tj1dwp7w0000gn/T/fire_emu_3381499578222d8c.sock"}}
[debug] [2022-07-15T15:33:31.850Z] [runtime-status] [6239] Listening to port: /var/folders/f3/hygj52y97_ndgw71tj1dwp7w0000gn/T/fire_emu_3381499578222d8c.sock {"metadata":{"emulator":{"name":"functions"},"function":{"name":"us-central1-api"},"extension":{},"message":"[runtime-status] [6239] Listening to port: /var/folders/f3/hygj52y97_ndgw71tj1dwp7w0000gn/T/fire_emu_3381499578222d8c.sock"}}
[debug] [2022-07-15T15:33:31.850Z] [functions] Runtime ready! Sending request! {"metadata":{"emulator":{"name":"functions"},"message":"[functions] Runtime ready! Sending request!"}}
[debug] [2022-07-15T15:33:31.851Z] [functions] Got req.url=/moodify-92f8f/us-central1/api/user/saved, mapping to path=/user/saved {"metadata":{"emulator":{"name":"functions"},"message":"[functions] Got req.url=/moodify-92f8f/us-central1/api/user/saved, mapping to path=/user/saved"}}
[debug] [2022-07-15T15:33:31.857Z] [runtime-status] [6239] Ephemeral server handling POST request {"metadata":{"emulator":{"name":"functions"},"function":{"name":"us-central1-api"},"extension":{},"message":"[runtime-status] [6239] Ephemeral server handling POST request"}}
[debug] [2022-07-15T15:33:31.860Z] [runtime-status] [6239] Ephemeral server survived. {"metadata":{"emulator":{"name":"functions"},"function":{"name":"us-central1-api"},"extension":{},"message":"[runtime-status] [6239] Ephemeral server survived."}}
[debug] [2022-07-15T15:33:32.097Z] [runtime-status] [6243] Functions runtime initialized. {"cwd":"/Users/hirdman/Projects/tagify/functions","node_version":"14.19.0"} {"metadata":{"emulator":{"name":"functions"},"function":{"name":"us-central1-api"},"extension":{},"message":"[runtime-status] [6243] Functions runtime initialized. {\"cwd\":\"/Users/hirdman/Projects/tagify/functions\",\"node_version\":\"14.19.0\"}"}}
[debug] [2022-07-15T15:33:32.101Z] [runtime-status] [6243] Disabled runtime features: undefined {"metadata":{"emulator":{"name":"functions"},"function":{"name":"us-central1-api"},"extension":{},"message":"[runtime-status] [6243] Disabled runtime features: undefined"}}
[debug] [2022-07-15T15:33:32.105Z] [runtime-status] [6243] Resolved module firebase-admin {"declared":true,"installed":true,"version":"10.3.0","resolution":"/Users/hirdman/Projects/tagify/functions/node_modules/firebase-admin/lib/index.js"} {"metadata":{"emulator":{"name":"functions"},"function":{"name":"us-central1-api"},"extension":{},"message":"[runtime-status] [6243] Resolved module firebase-admin {\"declared\":true,\"installed\":true,\"version\":\"10.3.0\",\"resolution\":\"/Users/hirdman/Projects/tagify/functions/node_modules/firebase-admin/lib/index.js\"}"}}
[debug] [2022-07-15T15:33:32.105Z] [runtime-status] [6243] Resolved module firebase-functions {"declared":true,"installed":true,"version":"3.22.0","resolution":"/Users/hirdman/Projects/tagify/functions/node_modules/firebase-functions/lib/index.js"} {"metadata":{"emulator":{"name":"functions"},"function":{"name":"us-central1-api"},"extension":{},"message":"[runtime-status] [6243] Resolved module firebase-functions {\"declared\":true,\"installed\":true,\"version\":\"3.22.0\",\"resolution\":\"/Users/hirdman/Projects/tagify/functions/node_modules/firebase-functions/lib/index.js\"}"}}
[debug] [2022-07-15T15:33:32.105Z] [runtime-status] [6243] Outgoing network have been stubbed. [{"name":"http","status":"mocked"},{"name":"http","status":"mocked"},{"name":"https","status":"mocked"},{"name":"https","status":"mocked"},{"name":"net","status":"mocked"}] {"metadata":{"emulator":{"name":"functions"},"function":{"name":"us-central1-api"},"extension":{},"message":"[runtime-status] [6243] Outgoing network have been stubbed. [{\"name\":\"http\",\"status\":\"mocked\"},{\"name\":\"http\",\"status\":\"mocked\"},{\"name\":\"https\",\"status\":\"mocked\"},{\"name\":\"https\",\"status\":\"mocked\"},{\"name\":\"net\",\"status\":\"mocked\"}]"}}
[debug] [2022-07-15T15:33:32.106Z] [runtime-status] [6243] Resolved module firebase-functions {"declared":true,"installed":true,"version":"3.22.0","resolution":"/Users/hirdman/Projects/tagify/functions/node_modules/firebase-functions/lib/index.js"} {"metadata":{"emulator":{"name":"functions"},"function":{"name":"us-central1-api"},"extension":{},"message":"[runtime-status] [6243] Resolved module firebase-functions {\"declared\":true,\"installed\":true,\"version\":\"3.22.0\",\"resolution\":\"/Users/hirdman/Projects/tagify/functions/node_modules/firebase-functions/lib/index.js\"}"}}
[debug] [2022-07-15T15:33:32.128Z] [runtime-status] [6243] Checked functions.config() {"config":{}} {"metadata":{"emulator":{"name":"functions"},"function":{"name":"us-central1-api"},"extension":{},"message":"[runtime-status] [6243] Checked functions.config() {\"config\":{}}"}}
[debug] [2022-07-15T15:33:32.128Z] [runtime-status] [6243] firebase-functions has been stubbed. {"functionsResolution":{"declared":true,"installed":true,"version":"3.22.0","resolution":"/Users/hirdman/Projects/tagify/functions/node_modules/firebase-functions/lib/index.js"}} {"metadata":{"emulator":{"name":"functions"},"function":{"name":"us-central1-api"},"extension":{},"message":"[runtime-status] [6243] firebase-functions has been stubbed. {\"functionsResolution\":{\"declared\":true,\"installed\":true,\"version\":\"3.22.0\",\"resolution\":\"/Users/hirdman/Projects/tagify/functions/node_modules/firebase-functions/lib/index.js\"}}"}}
[debug] [2022-07-15T15:33:32.128Z] [runtime-status] [6243] Resolved module firebase-functions {"declared":true,"installed":true,"version":"3.22.0","resolution":"/Users/hirdman/Projects/tagify/functions/node_modules/firebase-functions/lib/index.js"} {"metadata":{"emulator":{"name":"functions"},"function":{"name":"us-central1-api"},"extension":{},"message":"[runtime-status] [6243] Resolved module firebase-functions {\"declared\":true,\"installed\":true,\"version\":\"3.22.0\",\"resolution\":\"/Users/hirdman/Projects/tagify/functions/node_modules/firebase-functions/lib/index.js\"}"}}
[debug] [2022-07-15T15:33:32.129Z] [runtime-status] [6243] Resolved module firebase-admin {"declared":true,"installed":true,"version":"10.3.0","resolution":"/Users/hirdman/Projects/tagify/functions/node_modules/firebase-admin/lib/index.js"} {"metadata":{"emulator":{"name":"functions"},"function":{"name":"us-central1-api"},"extension":{},"message":"[runtime-status] [6243] Resolved module firebase-admin {\"declared\":true,\"installed\":true,\"version\":\"10.3.0\",\"resolution\":\"/Users/hirdman/Projects/tagify/functions/node_modules/firebase-admin/lib/index.js\"}"}}
[debug] [2022-07-15T15:33:32.129Z] [runtime-status] [6243] Resolved module firebase-functions {"declared":true,"installed":true,"version":"3.22.0","resolution":"/Users/hirdman/Projects/tagify/functions/node_modules/firebase-functions/lib/index.js"} {"metadata":{"emulator":{"name":"functions"},"function":{"name":"us-central1-api"},"extension":{},"message":"[runtime-status] [6243] Resolved module firebase-functions {\"declared\":true,\"installed\":true,\"version\":\"3.22.0\",\"resolution\":\"/Users/hirdman/Projects/tagify/functions/node_modules/firebase-functions/lib/index.js\"}"}}
[debug] [2022-07-15T15:33:32.129Z] [runtime-status] [6243] firebase-admin has been stubbed. {"adminResolution":{"declared":true,"installed":true,"version":"10.3.0","resolution":"/Users/hirdman/Projects/tagify/functions/node_modules/firebase-admin/lib/index.js"}} {"metadata":{"emulator":{"name":"functions"},"function":{"name":"us-central1-api"},"extension":{},"message":"[runtime-status] [6243] firebase-admin has been stubbed. {\"adminResolution\":{\"declared\":true,\"installed\":true,\"version\":\"10.3.0\",\"resolution\":\"/Users/hirdman/Projects/tagify/functions/node_modules/firebase-admin/lib/index.js\"}}"}}
[info] i  functions: Finished "api" in ~1s {"metadata":{"emulator":{"name":"functions"},"function":{"name":"us-central1-api"},"extension":{},"message":"Finished \"api\" in ~1s"}}
[debug] [2022-07-15T15:33:32.130Z] [worker-us-central1-api-84adacec-1959-42aa-96dc-60ce8daa9560]: IDLE {"metadata":{"emulator":{"name":"functions"},"message":"[worker-us-central1-api-84adacec-1959-42aa-96dc-60ce8daa9560]: IDLE"}}
[debug] [2022-07-15T15:33:32.130Z] [work-queue] {"queueLength":0,"workRunningCount":2}
[debug] [2022-07-15T15:33:32.183Z] [runtime-status] [6243] Beginning invocation function api! {"metadata":{"emulator":{"name":"functions"},"function":{"name":"us-central1-api"},"extension":{},"message":"[runtime-status] [6243] Beginning invocation function api!"}}
[info] i  functions: Beginning execution of "api" {"metadata":{"emulator":{"name":"functions"},"function":{"name":"us-central1-api"},"extension":{},"message":"Beginning execution of \"api\""}}
[debug] [2022-07-15T15:33:32.184Z] [runtime-status] [6243] Running api in signature http {"metadata":{"emulator":{"name":"functions"},"function":{"name":"us-central1-api"},"extension":{},"message":"[runtime-status] [6243] Running api in signature http"}}
[debug] [2022-07-15T15:33:32.188Z] [runtime-status] [6243] Attempting to listen to port: /var/folders/f3/hygj52y97_ndgw71tj1dwp7w0000gn/T/fire_emu_7acfee7af46aa43c.sock {"metadata":{"emulator":{"name":"functions"},"function":{"name":"us-central1-api"},"extension":{},"message":"[runtime-status] [6243] Attempting to listen to port: /var/folders/f3/hygj52y97_ndgw71tj1dwp7w0000gn/T/fire_emu_7acfee7af46aa43c.sock"}}
[debug] [2022-07-15T15:33:32.189Z] [runtime-status] [6243] Listening to port: /var/folders/f3/hygj52y97_ndgw71tj1dwp7w0000gn/T/fire_emu_7acfee7af46aa43c.sock {"metadata":{"emulator":{"name":"functions"},"function":{"name":"us-central1-api"},"extension":{},"message":"[runtime-status] [6243] Listening to port: /var/folders/f3/hygj52y97_ndgw71tj1dwp7w0000gn/T/fire_emu_7acfee7af46aa43c.sock"}}
[debug] [2022-07-15T15:33:32.190Z] [functions] Runtime ready! Sending request! {"metadata":{"emulator":{"name":"functions"},"message":"[functions] Runtime ready! Sending request!"}}
[debug] [2022-07-15T15:33:32.190Z] [functions] Got req.url=/moodify-92f8f/us-central1/api/user, mapping to path=/user {"metadata":{"emulator":{"name":"functions"},"message":"[functions] Got req.url=/moodify-92f8f/us-central1/api/user, mapping to path=/user"}}
[debug] [2022-07-15T15:33:32.203Z] [runtime-status] [6243] Ephemeral server handling POST request {"metadata":{"emulator":{"name":"functions"},"function":{"name":"us-central1-api"},"extension":{},"message":"[runtime-status] [6243] Ephemeral server handling POST request"}}
[debug] [2022-07-15T15:33:32.220Z] [runtime-status] [6243] Ephemeral server survived. {"metadata":{"emulator":{"name":"functions"},"function":{"name":"us-central1-api"},"extension":{},"message":"[runtime-status] [6243] Ephemeral server survived."}}
[info] i  functions: Finished "api" in ~1s {"metadata":{"emulator":{"name":"functions"},"function":{"name":"us-central1-api"},"extension":{},"message":"Finished \"api\" in ~1s"}}
[debug] [2022-07-15T15:33:32.333Z] [worker-us-central1-api-483e9a48-9478-446a-827b-5c4ffaf4c1fc]: IDLE {"metadata":{"emulator":{"name":"functions"},"message":"[worker-us-central1-api-483e9a48-9478-446a-827b-5c4ffaf4c1fc]: IDLE"}}
[debug] [2022-07-15T15:33:32.333Z] [work-queue] {"queueLength":0,"workRunningCount":1}
[debug] [2022-07-15T15:33:32.409Z] [runtime-status] [6245] Functions runtime initialized. {"cwd":"/Users/hirdman/Projects/tagify/functions","node_version":"14.19.0"} {"metadata":{"emulator":{"name":"functions"},"function":{"name":"us-central1-api"},"extension":{},"message":"[runtime-status] [6245] Functions runtime initialized. {\"cwd\":\"/Users/hirdman/Projects/tagify/functions\",\"node_version\":\"14.19.0\"}"}}
[debug] [2022-07-15T15:33:32.410Z] [runtime-status] [6245] Disabled runtime features: undefined {"metadata":{"emulator":{"name":"functions"},"function":{"name":"us-central1-api"},"extension":{},"message":"[runtime-status] [6245] Disabled runtime features: undefined"}}
[debug] [2022-07-15T15:33:32.412Z] [runtime-status] [6245] Resolved module firebase-admin {"declared":true,"installed":true,"version":"10.3.0","resolution":"/Users/hirdman/Projects/tagify/functions/node_modules/firebase-admin/lib/index.js"} {"metadata":{"emulator":{"name":"functions"},"function":{"name":"us-central1-api"},"extension":{},"message":"[runtime-status] [6245] Resolved module firebase-admin {\"declared\":true,\"installed\":true,\"version\":\"10.3.0\",\"resolution\":\"/Users/hirdman/Projects/tagify/functions/node_modules/firebase-admin/lib/index.js\"}"}}
[debug] [2022-07-15T15:33:32.412Z] [runtime-status] [6245] Resolved module firebase-functions {"declared":true,"installed":true,"version":"3.22.0","resolution":"/Users/hirdman/Projects/tagify/functions/node_modules/firebase-functions/lib/index.js"} {"metadata":{"emulator":{"name":"functions"},"function":{"name":"us-central1-api"},"extension":{},"message":"[runtime-status] [6245] Resolved module firebase-functions {\"declared\":true,\"installed\":true,\"version\":\"3.22.0\",\"resolution\":\"/Users/hirdman/Projects/tagify/functions/node_modules/firebase-functions/lib/index.js\"}"}}
[debug] [2022-07-15T15:33:32.413Z] [runtime-status] [6245] Outgoing network have been stubbed. [{"name":"http","status":"mocked"},{"name":"http","status":"mocked"},{"name":"https","status":"mocked"},{"name":"https","status":"mocked"},{"name":"net","status":"mocked"}] {"metadata":{"emulator":{"name":"functions"},"function":{"name":"us-central1-api"},"extension":{},"message":"[runtime-status] [6245] Outgoing network have been stubbed. [{\"name\":\"http\",\"status\":\"mocked\"},{\"name\":\"http\",\"status\":\"mocked\"},{\"name\":\"https\",\"status\":\"mocked\"},{\"name\":\"https\",\"status\":\"mocked\"},{\"name\":\"net\",\"status\":\"mocked\"}]"}}
[debug] [2022-07-15T15:33:32.413Z] [runtime-status] [6245] Resolved module firebase-functions {"declared":true,"installed":true,"version":"3.22.0","resolution":"/Users/hirdman/Projects/tagify/functions/node_modules/firebase-functions/lib/index.js"} {"metadata":{"emulator":{"name":"functions"},"function":{"name":"us-central1-api"},"extension":{},"message":"[runtime-status] [6245] Resolved module firebase-functions {\"declared\":true,\"installed\":true,\"version\":\"3.22.0\",\"resolution\":\"/Users/hirdman/Projects/tagify/functions/node_modules/firebase-functions/lib/index.js\"}"}}
[debug] [2022-07-15T15:33:32.434Z] [runtime-status] [6245] Checked functions.config() {"config":{}} {"metadata":{"emulator":{"name":"functions"},"function":{"name":"us-central1-api"},"extension":{},"message":"[runtime-status] [6245] Checked functions.config() {\"config\":{}}"}}
[debug] [2022-07-15T15:33:32.434Z] [runtime-status] [6245] firebase-functions has been stubbed. {"functionsResolution":{"declared":true,"installed":true,"version":"3.22.0","resolution":"/Users/hirdman/Projects/tagify/functions/node_modules/firebase-functions/lib/index.js"}} {"metadata":{"emulator":{"name":"functions"},"function":{"name":"us-central1-api"},"extension":{},"message":"[runtime-status] [6245] firebase-functions has been stubbed. {\"functionsResolution\":{\"declared\":true,\"installed\":true,\"version\":\"3.22.0\",\"resolution\":\"/Users/hirdman/Projects/tagify/functions/node_modules/firebase-functions/lib/index.js\"}}"}}
[debug] [2022-07-15T15:33:32.435Z] [runtime-status] [6245] Resolved module firebase-functions {"declared":true,"installed":true,"version":"3.22.0","resolution":"/Users/hirdman/Projects/tagify/functions/node_modules/firebase-functions/lib/index.js"} {"metadata":{"emulator":{"name":"functions"},"function":{"name":"us-central1-api"},"extension":{},"message":"[runtime-status] [6245] Resolved module firebase-functions {\"declared\":true,\"installed\":true,\"version\":\"3.22.0\",\"resolution\":\"/Users/hirdman/Projects/tagify/functions/node_modules/firebase-functions/lib/index.js\"}"}}
[debug] [2022-07-15T15:33:32.435Z] [runtime-status] [6245] Resolved module firebase-admin {"declared":true,"installed":true,"version":"10.3.0","resolution":"/Users/hirdman/Projects/tagify/functions/node_modules/firebase-admin/lib/index.js"} {"metadata":{"emulator":{"name":"functions"},"function":{"name":"us-central1-api"},"extension":{},"message":"[runtime-status] [6245] Resolved module firebase-admin {\"declared\":true,\"installed\":true,\"version\":\"10.3.0\",\"resolution\":\"/Users/hirdman/Projects/tagify/functions/node_modules/firebase-admin/lib/index.js\"}"}}
[debug] [2022-07-15T15:33:32.436Z] [runtime-status] [6245] Resolved module firebase-functions {"declared":true,"installed":true,"version":"3.22.0","resolution":"/Users/hirdman/Projects/tagify/functions/node_modules/firebase-functions/lib/index.js"} {"metadata":{"emulator":{"name":"functions"},"function":{"name":"us-central1-api"},"extension":{},"message":"[runtime-status] [6245] Resolved module firebase-functions {\"declared\":true,\"installed\":true,\"version\":\"3.22.0\",\"resolution\":\"/Users/hirdman/Projects/tagify/functions/node_modules/firebase-functions/lib/index.js\"}"}}
[debug] [2022-07-15T15:33:32.436Z] [runtime-status] [6245] firebase-admin has been stubbed. {"adminResolution":{"declared":true,"installed":true,"version":"10.3.0","resolution":"/Users/hirdman/Projects/tagify/functions/node_modules/firebase-admin/lib/index.js"}} {"metadata":{"emulator":{"name":"functions"},"function":{"name":"us-central1-api"},"extension":{},"message":"[runtime-status] [6245] firebase-admin has been stubbed. {\"adminResolution\":{\"declared\":true,\"installed\":true,\"version\":\"10.3.0\",\"resolution\":\"/Users/hirdman/Projects/tagify/functions/node_modules/firebase-admin/lib/index.js\"}}"}}
[debug] [2022-07-15T15:33:32.493Z] [runtime-status] [6245] Beginning invocation function api! {"metadata":{"emulator":{"name":"functions"},"function":{"name":"us-central1-api"},"extension":{},"message":"[runtime-status] [6245] Beginning invocation function api!"}}
[info] i  functions: Beginning execution of "api" {"metadata":{"emulator":{"name":"functions"},"function":{"name":"us-central1-api"},"extension":{},"message":"Beginning execution of \"api\""}}
[debug] [2022-07-15T15:33:32.494Z] [runtime-status] [6245] Running api in signature http {"metadata":{"emulator":{"name":"functions"},"function":{"name":"us-central1-api"},"extension":{},"message":"[runtime-status] [6245] Running api in signature http"}}
[debug] [2022-07-15T15:33:32.498Z] [runtime-status] [6245] Attempting to listen to port: /var/folders/f3/hygj52y97_ndgw71tj1dwp7w0000gn/T/fire_emu_af17e77bc2907f07.sock {"metadata":{"emulator":{"name":"functions"},"function":{"name":"us-central1-api"},"extension":{},"message":"[runtime-status] [6245] Attempting to listen to port: /var/folders/f3/hygj52y97_ndgw71tj1dwp7w0000gn/T/fire_emu_af17e77bc2907f07.sock"}}
[debug] [2022-07-15T15:33:32.499Z] [runtime-status] [6245] Listening to port: /var/folders/f3/hygj52y97_ndgw71tj1dwp7w0000gn/T/fire_emu_af17e77bc2907f07.sock {"metadata":{"emulator":{"name":"functions"},"function":{"name":"us-central1-api"},"extension":{},"message":"[runtime-status] [6245] Listening to port: /var/folders/f3/hygj52y97_ndgw71tj1dwp7w0000gn/T/fire_emu_af17e77bc2907f07.sock"}}
[debug] [2022-07-15T15:33:32.499Z] [functions] Runtime ready! Sending request! {"metadata":{"emulator":{"name":"functions"},"message":"[functions] Runtime ready! Sending request!"}}
[debug] [2022-07-15T15:33:32.499Z] [functions] Got req.url=/moodify-92f8f/us-central1/api/auth/token, mapping to path=/auth/token {"metadata":{"emulator":{"name":"functions"},"message":"[functions] Got req.url=/moodify-92f8f/us-central1/api/auth/token, mapping to path=/auth/token"}}
[debug] [2022-07-15T15:33:32.503Z] [runtime-status] [6245] Ephemeral server handling GET request {"metadata":{"emulator":{"name":"functions"},"function":{"name":"us-central1-api"},"extension":{},"message":"[runtime-status] [6245] Ephemeral server handling GET request"}}
[debug] [2022-07-15T15:33:32.508Z] [runtime-status] [6245] Ephemeral server survived. {"metadata":{"emulator":{"name":"functions"},"function":{"name":"us-central1-api"},"extension":{},"message":"[runtime-status] [6245] Ephemeral server survived."}}
[info] i  functions: Finished "api" in ~1s {"metadata":{"emulator":{"name":"functions"},"function":{"name":"us-central1-api"},"extension":{},"message":"Finished \"api\" in ~1s"}}
[debug] [2022-07-15T15:33:32.509Z] [worker-us-central1-api-93cb4592-4d0d-48c9-b69f-a34103e22770]: IDLE {"metadata":{"emulator":{"name":"functions"},"message":"[worker-us-central1-api-93cb4592-4d0d-48c9-b69f-a34103e22770]: IDLE"}}
[debug] [2022-07-15T15:33:32.509Z] [work-queue] {"queueLength":0,"workRunningCount":0}
[info] i  hosting: 127.0.0.1 - - [15/Jul/2022:15:33:33 +0000] "GET /static/media/back.1badf00ca4e0a78c8b7f8c2a9e8cdaa6.svg HTTP/1.1" 200 516 "http://localhost:3000/" "Mozilla/5.0 (iPhone; CPU iPhone OS 13_2_3 like Mac OS X) AppleWebKit/605.1.15 (KHTML, like Gecko) Version/13.0.3 Mobile/15E148 Safari/604.1" {"metadata":{"emulator":{"name":"hosting"},"message":"127.0.0.1 - - [15/Jul/2022:15:33:33 +0000] \"GET /static/media/back.1badf00ca4e0a78c8b7f8c2a9e8cdaa6.svg HTTP/1.1\" 200 516 \"http://localhost:3000/\" \"Mozilla/5.0 (iPhone; CPU iPhone OS 13_2_3 like Mac OS X) AppleWebKit/605.1.15 (KHTML, like Gecko) Version/13.0.3 Mobile/15E148 Safari/604.1\""}}
[info] i  hosting: 127.0.0.1 - - [15/Jul/2022:15:33:33 +0000] "GET /static/media/play-green.30e3eab96cfbbb734f609d3eaa9cf0bc.svg HTTP/1.1" 200 1103 "http://localhost:3000/" "Mozilla/5.0 (iPhone; CPU iPhone OS 13_2_3 like Mac OS X) AppleWebKit/605.1.15 (KHTML, like Gecko) Version/13.0.3 Mobile/15E148 Safari/604.1" {"metadata":{"emulator":{"name":"hosting"},"message":"127.0.0.1 - - [15/Jul/2022:15:33:33 +0000] \"GET /static/media/play-green.30e3eab96cfbbb734f609d3eaa9cf0bc.svg HTTP/1.1\" 200 1103 \"http://localhost:3000/\" \"Mozilla/5.0 (iPhone; CPU iPhone OS 13_2_3 like Mac OS X) AppleWebKit/605.1.15 (KHTML, like Gecko) Version/13.0.3 Mobile/15E148 Safari/604.1\""}}
[info] i  hosting: 127.0.0.1 - - [15/Jul/2022:15:33:33 +0000] "GET /static/media/add.021cbc26c7973f3c1bcc3ad1af702e82.svg HTTP/1.1" 200 292 "http://localhost:3000/" "Mozilla/5.0 (iPhone; CPU iPhone OS 13_2_3 like Mac OS X) AppleWebKit/605.1.15 (KHTML, like Gecko) Version/13.0.3 Mobile/15E148 Safari/604.1" {"metadata":{"emulator":{"name":"hosting"},"message":"127.0.0.1 - - [15/Jul/2022:15:33:33 +0000] \"GET /static/media/add.021cbc26c7973f3c1bcc3ad1af702e82.svg HTTP/1.1\" 200 292 \"http://localhost:3000/\" \"Mozilla/5.0 (iPhone; CPU iPhone OS 13_2_3 like Mac OS X) AppleWebKit/605.1.15 (KHTML, like Gecko) Version/13.0.3 Mobile/15E148 Safari/604.1\""}}
[info] i  hosting: 127.0.0.1 - - [15/Jul/2022:15:33:33 +0000] "GET /static/media/add-circle.6e26782fe3a0ef358973c0255366bf75.svg HTTP/1.1" 200 574 "http://localhost:3000/" "Mozilla/5.0 (iPhone; CPU iPhone OS 13_2_3 like Mac OS X) AppleWebKit/605.1.15 (KHTML, like Gecko) Version/13.0.3 Mobile/15E148 Safari/604.1" {"metadata":{"emulator":{"name":"hosting"},"message":"127.0.0.1 - - [15/Jul/2022:15:33:33 +0000] \"GET /static/media/add-circle.6e26782fe3a0ef358973c0255366bf75.svg HTTP/1.1\" 200 574 \"http://localhost:3000/\" \"Mozilla/5.0 (iPhone; CPU iPhone OS 13_2_3 like Mac OS X) AppleWebKit/605.1.15 (KHTML, like Gecko) Version/13.0.3 Mobile/15E148 Safari/604.1\""}}
[debug] [2022-07-15T15:33:37.960Z] [work-queue] {"queueLength":1,"workRunningCount":0}
[debug] [2022-07-15T15:33:37.960Z] [work-queue] {"queueLength":0,"workRunningCount":1}
[debug] [2022-07-15T15:33:37.960Z] Accepted request OPTIONS /moodify-92f8f/us-central1/api/playback --> us-central1-api
[debug] [2022-07-15T15:33:37.960Z] [worker-pool] submitWork(triggerId=us-central1-api) {"metadata":{"emulator":{"name":"functions"},"message":"[worker-pool] submitWork(triggerId=us-central1-api)"}}
[debug] [2022-07-15T15:33:37.960Z] [worker-us-central1-api-84adacec-1959-42aa-96dc-60ce8daa9560]: BUSY {"metadata":{"emulator":{"name":"functions"},"message":"[worker-us-central1-api-84adacec-1959-42aa-96dc-60ce8daa9560]: BUSY"}}
[debug] [2022-07-15T15:33:37.960Z] [runtime-status] [6239] Beginning invocation function api! {"metadata":{"emulator":{"name":"functions"},"function":{"name":"us-central1-api"},"extension":{},"message":"[runtime-status] [6239] Beginning invocation function api!"}}
[info] i  functions: Beginning execution of "api" {"metadata":{"emulator":{"name":"functions"},"function":{"name":"us-central1-api"},"extension":{},"message":"Beginning execution of \"api\""}}
[debug] [2022-07-15T15:33:37.961Z] [runtime-status] [6239] Running api in signature http {"metadata":{"emulator":{"name":"functions"},"function":{"name":"us-central1-api"},"extension":{},"message":"[runtime-status] [6239] Running api in signature http"}}
[debug] [2022-07-15T15:33:37.961Z] [runtime-status] [6239] Attempting to listen to port: /var/folders/f3/hygj52y97_ndgw71tj1dwp7w0000gn/T/fire_emu_3381499578222d8c.sock {"metadata":{"emulator":{"name":"functions"},"function":{"name":"us-central1-api"},"extension":{},"message":"[runtime-status] [6239] Attempting to listen to port: /var/folders/f3/hygj52y97_ndgw71tj1dwp7w0000gn/T/fire_emu_3381499578222d8c.sock"}}
[debug] [2022-07-15T15:33:37.962Z] [runtime-status] [6239] Listening to port: /var/folders/f3/hygj52y97_ndgw71tj1dwp7w0000gn/T/fire_emu_3381499578222d8c.sock {"metadata":{"emulator":{"name":"functions"},"function":{"name":"us-central1-api"},"extension":{},"message":"[runtime-status] [6239] Listening to port: /var/folders/f3/hygj52y97_ndgw71tj1dwp7w0000gn/T/fire_emu_3381499578222d8c.sock"}}
[debug] [2022-07-15T15:33:37.962Z] [functions] Runtime ready! Sending request! {"metadata":{"emulator":{"name":"functions"},"message":"[functions] Runtime ready! Sending request!"}}
[debug] [2022-07-15T15:33:37.962Z] [functions] Got req.url=/moodify-92f8f/us-central1/api/playback, mapping to path=/playback {"metadata":{"emulator":{"name":"functions"},"message":"[functions] Got req.url=/moodify-92f8f/us-central1/api/playback, mapping to path=/playback"}}
[debug] [2022-07-15T15:33:37.964Z] [runtime-status] [6239] Ephemeral server handling OPTIONS request {"metadata":{"emulator":{"name":"functions"},"function":{"name":"us-central1-api"},"extension":{},"message":"[runtime-status] [6239] Ephemeral server handling OPTIONS request"}}
[debug] [2022-07-15T15:33:37.964Z] [runtime-status] [6239] Ephemeral server survived. {"metadata":{"emulator":{"name":"functions"},"function":{"name":"us-central1-api"},"extension":{},"message":"[runtime-status] [6239] Ephemeral server survived."}}
[info] i  functions: Finished "api" in ~1s {"metadata":{"emulator":{"name":"functions"},"function":{"name":"us-central1-api"},"extension":{},"message":"Finished \"api\" in ~1s"}}
[debug] [2022-07-15T15:33:37.965Z] [worker-us-central1-api-84adacec-1959-42aa-96dc-60ce8daa9560]: IDLE {"metadata":{"emulator":{"name":"functions"},"message":"[worker-us-central1-api-84adacec-1959-42aa-96dc-60ce8daa9560]: IDLE"}}
[debug] [2022-07-15T15:33:37.965Z] [work-queue] {"queueLength":0,"workRunningCount":0}
[debug] [2022-07-15T15:33:37.965Z] [work-queue] {"queueLength":1,"workRunningCount":0}
[debug] [2022-07-15T15:33:37.965Z] [work-queue] {"queueLength":0,"workRunningCount":1}
[debug] [2022-07-15T15:33:37.965Z] Accepted request POST /moodify-92f8f/us-central1/api/playback --> us-central1-api
[debug] [2022-07-15T15:33:37.966Z] [worker-pool] submitWork(triggerId=us-central1-api) {"metadata":{"emulator":{"name":"functions"},"message":"[worker-pool] submitWork(triggerId=us-central1-api)"}}
[debug] [2022-07-15T15:33:37.966Z] [worker-us-central1-api-84adacec-1959-42aa-96dc-60ce8daa9560]: BUSY {"metadata":{"emulator":{"name":"functions"},"message":"[worker-us-central1-api-84adacec-1959-42aa-96dc-60ce8daa9560]: BUSY"}}
[debug] [2022-07-15T15:33:37.975Z] [runtime-status] [6239] Beginning invocation function api! {"metadata":{"emulator":{"name":"functions"},"function":{"name":"us-central1-api"},"extension":{},"message":"[runtime-status] [6239] Beginning invocation function api!"}}
[info] i  functions: Beginning execution of "api" {"metadata":{"emulator":{"name":"functions"},"function":{"name":"us-central1-api"},"extension":{},"message":"Beginning execution of \"api\""}}
[debug] [2022-07-15T15:33:37.975Z] [runtime-status] [6239] Running api in signature http {"metadata":{"emulator":{"name":"functions"},"function":{"name":"us-central1-api"},"extension":{},"message":"[runtime-status] [6239] Running api in signature http"}}
[debug] [2022-07-15T15:33:37.976Z] [runtime-status] [6239] Attempting to listen to port: /var/folders/f3/hygj52y97_ndgw71tj1dwp7w0000gn/T/fire_emu_3381499578222d8c.sock {"metadata":{"emulator":{"name":"functions"},"function":{"name":"us-central1-api"},"extension":{},"message":"[runtime-status] [6239] Attempting to listen to port: /var/folders/f3/hygj52y97_ndgw71tj1dwp7w0000gn/T/fire_emu_3381499578222d8c.sock"}}
[debug] [2022-07-15T15:33:37.976Z] [runtime-status] [6239] Listening to port: /var/folders/f3/hygj52y97_ndgw71tj1dwp7w0000gn/T/fire_emu_3381499578222d8c.sock {"metadata":{"emulator":{"name":"functions"},"function":{"name":"us-central1-api"},"extension":{},"message":"[runtime-status] [6239] Listening to port: /var/folders/f3/hygj52y97_ndgw71tj1dwp7w0000gn/T/fire_emu_3381499578222d8c.sock"}}
[debug] [2022-07-15T15:33:37.976Z] [functions] Runtime ready! Sending request! {"metadata":{"emulator":{"name":"functions"},"message":"[functions] Runtime ready! Sending request!"}}
[debug] [2022-07-15T15:33:37.976Z] [functions] Got req.url=/moodify-92f8f/us-central1/api/playback, mapping to path=/playback {"metadata":{"emulator":{"name":"functions"},"message":"[functions] Got req.url=/moodify-92f8f/us-central1/api/playback, mapping to path=/playback"}}
[debug] [2022-07-15T15:33:37.978Z] [runtime-status] [6239] Ephemeral server handling POST request {"metadata":{"emulator":{"name":"functions"},"function":{"name":"us-central1-api"},"extension":{},"message":"[runtime-status] [6239] Ephemeral server handling POST request"}}
[debug] [2022-07-15T15:33:37.983Z] [runtime-status] [6239] Ephemeral server survived. {"metadata":{"emulator":{"name":"functions"},"function":{"name":"us-central1-api"},"extension":{},"message":"[runtime-status] [6239] Ephemeral server survived."}}
[info] i  functions: Finished "api" in ~1s {"metadata":{"emulator":{"name":"functions"},"function":{"name":"us-central1-api"},"extension":{},"message":"Finished \"api\" in ~1s"}}
[debug] [2022-07-15T15:33:38.234Z] [worker-us-central1-api-84adacec-1959-42aa-96dc-60ce8daa9560]: IDLE {"metadata":{"emulator":{"name":"functions"},"message":"[worker-us-central1-api-84adacec-1959-42aa-96dc-60ce8daa9560]: IDLE"}}
[debug] [2022-07-15T15:33:38.234Z] [work-queue] {"queueLength":0,"workRunningCount":0}
[info] i  hosting: 127.0.0.1 - - [15/Jul/2022:15:33:39 +0000] "GET /static/media/pause-white.c722da888e354c46b1efcaff564bd97a.svg HTTP/1.1" 200 226 "http://localhost:3000/" "Mozilla/5.0 (iPhone; CPU iPhone OS 13_2_3 like Mac OS X) AppleWebKit/605.1.15 (KHTML, like Gecko) Version/13.0.3 Mobile/15E148 Safari/604.1" {"metadata":{"emulator":{"name":"hosting"},"message":"127.0.0.1 - - [15/Jul/2022:15:33:39 +0000] \"GET /static/media/pause-white.c722da888e354c46b1efcaff564bd97a.svg HTTP/1.1\" 200 226 \"http://localhost:3000/\" \"Mozilla/5.0 (iPhone; CPU iPhone OS 13_2_3 like Mac OS X) AppleWebKit/605.1.15 (KHTML, like Gecko) Version/13.0.3 Mobile/15E148 Safari/604.1\""}}
[info] i  hosting: 127.0.0.1 - - [15/Jul/2022:15:33:39 +0000] "GET /favicon.ico HTTP/1.1" 404 150 "http://localhost:3000/" "Mozilla/5.0 (iPhone; CPU iPhone OS 13_2_3 like Mac OS X) AppleWebKit/605.1.15 (KHTML, like Gecko) Version/13.0.3 Mobile/15E148 Safari/604.1" {"metadata":{"emulator":{"name":"hosting"},"message":"127.0.0.1 - - [15/Jul/2022:15:33:39 +0000] \"GET /favicon.ico HTTP/1.1\" 404 150 \"http://localhost:3000/\" \"Mozilla/5.0 (iPhone; CPU iPhone OS 13_2_3 like Mac OS X) AppleWebKit/605.1.15 (KHTML, like Gecko) Version/13.0.3 Mobile/15E148 Safari/604.1\""}}
[info] i  hosting: 127.0.0.1 - - [15/Jul/2022:15:33:43 +0000] "GET /static/media/play-white.488af547b2e2692818a1f5b3833e8364.svg HTTP/1.1" 200 213 "http://localhost:3000/" "Mozilla/5.0 (iPhone; CPU iPhone OS 13_2_3 like Mac OS X) AppleWebKit/605.1.15 (KHTML, like Gecko) Version/13.0.3 Mobile/15E148 Safari/604.1" {"metadata":{"emulator":{"name":"hosting"},"message":"127.0.0.1 - - [15/Jul/2022:15:33:43 +0000] \"GET /static/media/play-white.488af547b2e2692818a1f5b3833e8364.svg HTTP/1.1\" 200 213 \"http://localhost:3000/\" \"Mozilla/5.0 (iPhone; CPU iPhone OS 13_2_3 like Mac OS X) AppleWebKit/605.1.15 (KHTML, like Gecko) Version/13.0.3 Mobile/15E148 Safari/604.1\""}}
